{"/Users/ramkeidar/Desktop/NBA_app/frontend/src/components/dashboard/AIRecommendationPanel.tsx": {"path":"/Users/ramkeidar/Desktop/NBA_app/frontend/src/components/dashboard/AIRecommendationPanel.tsx","statementMap":{"0":{"start":{"line":10,"column":2},"end":{"line":16,"column":null}},"1":{"start":{"line":11,"column":4},"end":{"line":14,"column":null}},"2":{"start":{"line":18,"column":2},"end":{"line":35,"column":null}},"3":{"start":{"line":24,"column":25},"end":{"line":24,"column":null}},"4":{"start":{"line":30,"column":25},"end":{"line":30,"column":null}}},"fnMap":{"0":{"name":"AIRecommendationPanel","decl":{"start":{"line":9,"column":24},"end":{"line":9,"column":46}},"loc":{"start":{"line":9,"column":104},"end":{"line":37,"column":null}},"line":9},"1":{"name":"(anonymous_1)","decl":{"start":{"line":24,"column":10},"end":{"line":24,"column":25}},"loc":{"start":{"line":24,"column":25},"end":{"line":24,"column":null}},"line":24},"2":{"name":"(anonymous_2)","decl":{"start":{"line":30,"column":10},"end":{"line":30,"column":25}},"loc":{"start":{"line":30,"column":25},"end":{"line":30,"column":null}},"line":30}},"branchMap":{"0":{"loc":{"start":{"line":10,"column":2},"end":{"line":16,"column":null}},"type":"if","locations":[{"start":{"line":10,"column":2},"end":{"line":16,"column":null}},{"start":{},"end":{}}],"line":10}},"s":{"0":0,"1":0,"2":0,"3":0,"4":0},"f":{"0":0,"1":0,"2":0},"b":{"0":[0,0]},"meta":{"lastBranch":1,"lastFunction":3,"lastStatement":5,"seen":{"f:9:24:9:46":0,"b:10:2:16:Infinity:undefined:undefined:undefined:undefined":0,"s:10:2:16:Infinity":0,"s:11:4:14:Infinity":1,"s:18:2:35:Infinity":2,"f:24:10:24:25":1,"s:24:25:24:Infinity":3,"f:30:10:30:25":2,"s:30:25:30:Infinity":4}}}
,"/Users/ramkeidar/Desktop/NBA_app/frontend/src/components/dashboard/AgentAnalysisPanel.tsx": {"path":"/Users/ramkeidar/Desktop/NBA_app/frontend/src/components/dashboard/AgentAnalysisPanel.tsx","statementMap":{"0":{"start":{"line":13,"column":2},"end":{"line":25,"column":null}},"1":{"start":{"line":35,"column":2},"end":{"line":39,"column":null}},"2":{"start":{"line":48,"column":2},"end":{"line":59,"column":null}},"3":{"start":{"line":68,"column":2},"end":{"line":80,"column":null}},"4":{"start":{"line":89,"column":2},"end":{"line":103,"column":null}},"5":{"start":{"line":97,"column":10},"end":{"line":100,"column":null}},"6":{"start":{"line":108,"column":2},"end":{"line":114,"column":null}},"7":{"start":{"line":109,"column":4},"end":{"line":112,"column":null}},"8":{"start":{"line":116,"column":2},"end":{"line":121,"column":null}}},"fnMap":{"0":{"name":"CertaintyBar","decl":{"start":{"line":12,"column":9},"end":{"line":12,"column":22}},"loc":{"start":{"line":12,"column":62},"end":{"line":27,"column":null}},"line":12},"1":{"name":"FieldRow","decl":{"start":{"line":34,"column":9},"end":{"line":34,"column":18}},"loc":{"start":{"line":34,"column":51},"end":{"line":41,"column":null}},"line":34},"2":{"name":"FormAgentCard","decl":{"start":{"line":47,"column":9},"end":{"line":47,"column":23}},"loc":{"start":{"line":47,"column":53},"end":{"line":61,"column":null}},"line":47},"3":{"name":"MatchupAgentCard","decl":{"start":{"line":67,"column":9},"end":{"line":67,"column":26}},"loc":{"start":{"line":67,"column":59},"end":{"line":82,"column":null}},"line":67},"4":{"name":"RiskAgentCard","decl":{"start":{"line":88,"column":9},"end":{"line":88,"column":23}},"loc":{"start":{"line":88,"column":53},"end":{"line":105,"column":null}},"line":88},"5":{"name":"(anonymous_5)","decl":{"start":{"line":96,"column":21},"end":{"line":96,"column":26}},"loc":{"start":{"line":97,"column":10},"end":{"line":100,"column":null}},"line":97},"6":{"name":"AgentAnalysisPanel","decl":{"start":{"line":107,"column":24},"end":{"line":107,"column":43}},"loc":{"start":{"line":107,"column":82},"end":{"line":123,"column":null}},"line":107}},"branchMap":{"0":{"loc":{"start":{"line":108,"column":2},"end":{"line":114,"column":null}},"type":"if","locations":[{"start":{"line":108,"column":2},"end":{"line":114,"column":null}},{"start":{},"end":{}}],"line":108}},"s":{"0":0,"1":0,"2":0,"3":0,"4":0,"5":0,"6":0,"7":0,"8":0},"f":{"0":0,"1":0,"2":0,"3":0,"4":0,"5":0,"6":0},"b":{"0":[0,0]},"meta":{"lastBranch":1,"lastFunction":7,"lastStatement":9,"seen":{"f:12:9:12:22":0,"s:13:2:25:Infinity":0,"f:34:9:34:18":1,"s:35:2:39:Infinity":1,"f:47:9:47:23":2,"s:48:2:59:Infinity":2,"f:67:9:67:26":3,"s:68:2:80:Infinity":3,"f:88:9:88:23":4,"s:89:2:103:Infinity":4,"f:96:21:96:26":5,"s:97:10:100:Infinity":5,"f:107:24:107:43":6,"b:108:2:114:Infinity:undefined:undefined:undefined:undefined":0,"s:108:2:114:Infinity":6,"s:109:4:112:Infinity":7,"s:116:2:121:Infinity":8}}}
,"/Users/ramkeidar/Desktop/NBA_app/frontend/src/components/dashboard/BetForm.tsx": {"path":"/Users/ramkeidar/Desktop/NBA_app/frontend/src/components/dashboard/BetForm.tsx","statementMap":{"0":{"start":{"line":9,"column":2},"end":{"line":9,"column":null}},"1":{"start":{"line":13,"column":18},"end":{"line":13,"column":null}},"2":{"start":{"line":15,"column":17},"end":{"line":15,"column":null}},"3":{"start":{"line":16,"column":18},"end":{"line":16,"column":null}},"4":{"start":{"line":17,"column":19},"end":{"line":17,"column":null}},"5":{"start":{"line":19,"column":2},"end":{"line":51,"column":null}},"6":{"start":{"line":34,"column":27},"end":{"line":34,"column":null}}},"fnMap":{"0":{"name":"formatGameName","decl":{"start":{"line":8,"column":9},"end":{"line":8,"column":24}},"loc":{"start":{"line":8,"column":45},"end":{"line":10,"column":null}},"line":8},"1":{"name":"BetForm","decl":{"start":{"line":12,"column":24},"end":{"line":12,"column":32}},"loc":{"start":{"line":12,"column":55},"end":{"line":53,"column":null}},"line":12},"2":{"name":"(anonymous_2)","decl":{"start":{"line":34,"column":10},"end":{"line":34,"column":21}},"loc":{"start":{"line":34,"column":27},"end":{"line":34,"column":null}},"line":34}},"branchMap":{"0":{"loc":{"start":{"line":16,"column":18},"end":{"line":16,"column":null}},"type":"binary-expr","locations":[{"start":{"line":16,"column":18},"end":{"line":16,"column":38}},{"start":{"line":16,"column":38},"end":{"line":16,"column":null}}],"line":16},"1":{"loc":{"start":{"line":17,"column":19},"end":{"line":17,"column":null}},"type":"cond-expr","locations":[{"start":{"line":17,"column":29},"end":{"line":17,"column":58}},{"start":{"line":17,"column":58},"end":{"line":17,"column":null}}],"line":17},"2":{"loc":{"start":{"line":46,"column":45},"end":{"line":46,"column":null}},"type":"cond-expr","locations":[{"start":{"line":46,"column":65},"end":{"line":46,"column":91}},{"start":{"line":46,"column":91},"end":{"line":46,"column":null}}],"line":46},"3":{"loc":{"start":{"line":47,"column":11},"end":{"line":47,"column":null}},"type":"cond-expr","locations":[{"start":{"line":47,"column":31},"end":{"line":47,"column":59}},{"start":{"line":47,"column":59},"end":{"line":47,"column":null}}],"line":47}},"s":{"0":0,"1":0,"2":0,"3":0,"4":0,"5":0,"6":0},"f":{"0":0,"1":0,"2":0},"b":{"0":[0,0],"1":[0,0],"2":[0,0],"3":[0,0]},"meta":{"lastBranch":4,"lastFunction":3,"lastStatement":7,"seen":{"f:8:9:8:24":0,"s:9:2:9:Infinity":0,"f:12:24:12:32":1,"s:13:18:13:Infinity":1,"s:15:17:15:Infinity":2,"s:16:18:16:Infinity":3,"b:16:18:16:38:16:38:16:Infinity":0,"s:17:19:17:Infinity":4,"b:17:29:17:58:17:58:17:Infinity":1,"s:19:2:51:Infinity":5,"f:34:10:34:21":2,"s:34:27:34:Infinity":6,"b:46:65:46:91:46:91:46:Infinity":2,"b:47:31:47:59:47:59:47:Infinity":3}}}
,"/Users/ramkeidar/Desktop/NBA_app/frontend/src/components/dashboard/DashboardPage.tsx": {"path":"/Users/ramkeidar/Desktop/NBA_app/frontend/src/components/dashboard/DashboardPage.tsx","statementMap":{"0":{"start":{"line":18,"column":2},"end":{"line":18,"column":null}},"1":{"start":{"line":22,"column":2},"end":{"line":22,"column":null}},"2":{"start":{"line":27,"column":2},"end":{"line":35,"column":null}},"3":{"start":{"line":39,"column":2},"end":{"line":58,"column":null}},"4":{"start":{"line":63,"column":55},"end":{"line":63,"column":null}},"5":{"start":{"line":64,"column":15},"end":{"line":64,"column":null}},"6":{"start":{"line":66,"column":19},"end":{"line":66,"column":null}},"7":{"start":{"line":66,"column":52},"end":{"line":66,"column":80}},"8":{"start":{"line":67,"column":16},"end":{"line":67,"column":null}},"9":{"start":{"line":68,"column":18},"end":{"line":73,"column":null}},"10":{"start":{"line":70,"column":23},"end":{"line":70,"column":null}},"11":{"start":{"line":71,"column":8},"end":{"line":71,"column":null}},"12":{"start":{"line":75,"column":22},"end":{"line":77,"column":null}},"13":{"start":{"line":76,"column":39},"end":{"line":76,"column":85}},"14":{"start":{"line":79,"column":2},"end":{"line":98,"column":null}},"15":{"start":{"line":102,"column":26},"end":{"line":102,"column":null}},"16":{"start":{"line":103,"column":8},"end":{"line":103,"column":null}},"17":{"start":{"line":103,"column":37},"end":{"line":103,"column":45}},"18":{"start":{"line":104,"column":24},"end":{"line":104,"column":null}},"19":{"start":{"line":105,"column":26},"end":{"line":105,"column":null}},"20":{"start":{"line":106,"column":29},"end":{"line":106,"column":null}},"21":{"start":{"line":107,"column":22},"end":{"line":107,"column":null}},"22":{"start":{"line":108,"column":8},"end":{"line":108,"column":null}},"23":{"start":{"line":109,"column":8},"end":{"line":109,"column":null}},"24":{"start":{"line":111,"column":2},"end":{"line":115,"column":null}},"25":{"start":{"line":112,"column":4},"end":{"line":114,"column":null}},"26":{"start":{"line":113,"column":6},"end":{"line":113,"column":null}},"27":{"start":{"line":117,"column":2},"end":{"line":148,"column":null}},"28":{"start":{"line":118,"column":4},"end":{"line":118,"column":null}},"29":{"start":{"line":118,"column":32},"end":{"line":118,"column":null}},"30":{"start":{"line":119,"column":17},"end":{"line":119,"column":null}},"31":{"start":{"line":120,"column":4},"end":{"line":120,"column":null}},"32":{"start":{"line":120,"column":15},"end":{"line":120,"column":null}},"33":{"start":{"line":121,"column":16},"end":{"line":121,"column":null}},"34":{"start":{"line":122,"column":4},"end":{"line":122,"column":null}},"35":{"start":{"line":122,"column":38},"end":{"line":122,"column":null}},"36":{"start":{"line":123,"column":4},"end":{"line":123,"column":null}},"37":{"start":{"line":125,"column":23},"end":{"line":125,"column":null}},"38":{"start":{"line":126,"column":4},"end":{"line":145,"column":null}},"39":{"start":{"line":128,"column":8},"end":{"line":128,"column":null}},"40":{"start":{"line":128,"column":38},"end":{"line":128,"column":69}},"41":{"start":{"line":129,"column":8},"end":{"line":136,"column":null}},"42":{"start":{"line":131,"column":12},"end":{"line":134,"column":null}},"43":{"start":{"line":131,"column":45},"end":{"line":134,"column":14}},"44":{"start":{"line":139,"column":8},"end":{"line":139,"column":null}},"45":{"start":{"line":139,"column":63},"end":{"line":139,"column":null}},"46":{"start":{"line":140,"column":8},"end":{"line":143,"column":null}},"47":{"start":{"line":141,"column":10},"end":{"line":141,"column":null}},"48":{"start":{"line":142,"column":10},"end":{"line":142,"column":null}},"49":{"start":{"line":144,"column":8},"end":{"line":144,"column":null}},"50":{"start":{"line":147,"column":4},"end":{"line":147,"column":null}},"51":{"start":{"line":147,"column":17},"end":{"line":147,"column":null}},"52":{"start":{"line":151,"column":4},"end":{"line":151,"column":null}},"53":{"start":{"line":152,"column":4},"end":{"line":152,"column":null}},"54":{"start":{"line":153,"column":4},"end":{"line":189,"column":null}},"55":{"start":{"line":155,"column":8},"end":{"line":187,"column":null}},"56":{"start":{"line":156,"column":16},"end":{"line":156,"column":null}},"57":{"start":{"line":157,"column":10},"end":{"line":157,"column":null}},"58":{"start":{"line":158,"column":10},"end":{"line":173,"column":null}},"59":{"start":{"line":159,"column":12},"end":{"line":159,"column":null}},"60":{"start":{"line":160,"column":12},"end":{"line":172,"column":null}},"61":{"start":{"line":161,"column":38},"end":{"line":161,"column":null}},"62":{"start":{"line":162,"column":14},"end":{"line":169,"column":null}},"63":{"start":{"line":163,"column":32},"end":{"line":163,"column":null}},"64":{"start":{"line":164,"column":16},"end":{"line":164,"column":null}},"65":{"start":{"line":164,"column":52},"end":{"line":164,"column":null}},"66":{"start":{"line":165,"column":16},"end":{"line":165,"column":null}},"67":{"start":{"line":165,"column":52},"end":{"line":165,"column":null}},"68":{"start":{"line":166,"column":16},"end":{"line":166,"column":null}},"69":{"start":{"line":166,"column":52},"end":{"line":166,"column":null}},"70":{"start":{"line":167,"column":16},"end":{"line":167,"column":null}},"71":{"start":{"line":167,"column":52},"end":{"line":167,"column":null}},"72":{"start":{"line":168,"column":16},"end":{"line":168,"column":null}},"73":{"start":{"line":171,"column":14},"end":{"line":171,"column":null}},"74":{"start":{"line":174,"column":10},"end":{"line":174,"column":null}},"75":{"start":{"line":174,"column":53},"end":{"line":174,"column":91}},"76":{"start":{"line":175,"column":10},"end":{"line":175,"column":null}},"77":{"start":{"line":175,"column":47},"end":{"line":175,"column":78}},"78":{"start":{"line":176,"column":10},"end":{"line":184,"column":null}},"79":{"start":{"line":177,"column":12},"end":{"line":177,"column":null}},"80":{"start":{"line":178,"column":12},"end":{"line":183,"column":null}},"81":{"start":{"line":179,"column":33},"end":{"line":179,"column":null}},"82":{"start":{"line":180,"column":14},"end":{"line":180,"column":null}},"83":{"start":{"line":180,"column":44},"end":{"line":180,"column":90}},"84":{"start":{"line":182,"column":14},"end":{"line":182,"column":null}},"85":{"start":{"line":185,"column":10},"end":{"line":185,"column":null}},"86":{"start":{"line":185,"column":46},"end":{"line":185,"column":58}},"87":{"start":{"line":185,"column":58},"end":{"line":185,"column":92}},"88":{"start":{"line":185,"column":92},"end":{"line":185,"column":115}},"89":{"start":{"line":186,"column":10},"end":{"line":186,"column":null}},"90":{"start":{"line":186,"column":31},"end":{"line":186,"column":71}},"91":{"start":{"line":186,"column":71},"end":{"line":186,"column":83}},"92":{"start":{"line":186,"column":83},"end":{"line":186,"column":106}},"93":{"start":{"line":189,"column":33},"end":{"line":189,"column":76}},"94":{"start":{"line":189,"column":76},"end":{"line":189,"column":99}},"95":{"start":{"line":192,"column":23},"end":{"line":192,"column":null}},"96":{"start":{"line":193,"column":26},"end":{"line":193,"column":null}},"97":{"start":{"line":194,"column":27},"end":{"line":194,"column":null}},"98":{"start":{"line":196,"column":31},"end":{"line":196,"column":null}},"99":{"start":{"line":198,"column":22},"end":{"line":200,"column":null}},"100":{"start":{"line":202,"column":27},"end":{"line":208,"column":null}},"101":{"start":{"line":210,"column":2},"end":{"line":301,"column":null}},"102":{"start":{"line":216,"column":56},"end":{"line":216,"column":71}},"103":{"start":{"line":232,"column":12},"end":{"line":237,"column":null}},"104":{"start":{"line":236,"column":29},"end":{"line":236,"column":null}},"105":{"start":{"line":259,"column":119},"end":{"line":259,"column":180}},"106":{"start":{"line":259,"column":140},"end":{"line":259,"column":180}}},"fnMap":{"0":{"name":"gameKey","decl":{"start":{"line":17,"column":16},"end":{"line":17,"column":24}},"loc":{"start":{"line":17,"column":48},"end":{"line":19,"column":null}},"line":17},"1":{"name":"gameLookupName","decl":{"start":{"line":21,"column":9},"end":{"line":21,"column":24}},"loc":{"start":{"line":21,"column":48},"end":{"line":23,"column":null}},"line":21},"2":{"name":"predictionToRecommendation","decl":{"start":{"line":26,"column":9},"end":{"line":26,"column":36}},"loc":{"start":{"line":26,"column":104},"end":{"line":36,"column":null}},"line":26},"3":{"name":"predictionToAgentAnalysis","decl":{"start":{"line":38,"column":9},"end":{"line":38,"column":35}},"loc":{"start":{"line":38,"column":94},"end":{"line":59,"column":null}},"line":38},"4":{"name":"agentUpdatesToGameAgentAnalysis","decl":{"start":{"line":62,"column":16},"end":{"line":62,"column":48}},"loc":{"start":{"line":62,"column":110},"end":{"line":99,"column":null}},"line":62},"5":{"name":"(anonymous_5)","decl":{"start":{"line":66,"column":40},"end":{"line":66,"column":47}},"loc":{"start":{"line":66,"column":52},"end":{"line":66,"column":80}},"line":66},"6":{"name":"(anonymous_6)","decl":{"start":{"line":69,"column":26},"end":{"line":69,"column":34}},"loc":{"start":{"line":69,"column":45},"end":{"line":72,"column":9}},"line":69},"7":{"name":"(anonymous_7)","decl":{"start":{"line":76,"column":30},"end":{"line":76,"column":34}},"loc":{"start":{"line":76,"column":39},"end":{"line":76,"column":85}},"line":76},"8":{"name":"DashboardPage","decl":{"start":{"line":101,"column":24},"end":{"line":101,"column":40}},"loc":{"start":{"line":101,"column":40},"end":{"line":303,"column":null}},"line":101},"9":{"name":"(anonymous_9)","decl":{"start":{"line":103,"column":17},"end":{"line":103,"column":31}},"loc":{"start":{"line":103,"column":37},"end":{"line":103,"column":45}},"line":103},"10":{"name":"(anonymous_10)","decl":{"start":{"line":111,"column":2},"end":{"line":111,"column":18}},"loc":{"start":{"line":111,"column":18},"end":{"line":115,"column":5}},"line":111},"11":{"name":"(anonymous_11)","decl":{"start":{"line":112,"column":4},"end":{"line":112,"column":17}},"loc":{"start":{"line":112,"column":17},"end":{"line":114,"column":null}},"line":112},"12":{"name":"(anonymous_12)","decl":{"start":{"line":117,"column":2},"end":{"line":117,"column":18}},"loc":{"start":{"line":117,"column":18},"end":{"line":148,"column":5}},"line":117},"13":{"name":"(anonymous_13)","decl":{"start":{"line":127,"column":7},"end":{"line":127,"column":13}},"loc":{"start":{"line":127,"column":28},"end":{"line":137,"column":7}},"line":127},"14":{"name":"(anonymous_14)","decl":{"start":{"line":128,"column":8},"end":{"line":128,"column":28}},"loc":{"start":{"line":128,"column":38},"end":{"line":128,"column":69}},"line":128},"15":{"name":"(anonymous_15)","decl":{"start":{"line":130,"column":11},"end":{"line":130,"column":17}},"loc":{"start":{"line":130,"column":29},"end":{"line":135,"column":11}},"line":130},"16":{"name":"(anonymous_16)","decl":{"start":{"line":131,"column":12},"end":{"line":131,"column":35}},"loc":{"start":{"line":131,"column":45},"end":{"line":134,"column":14}},"line":131},"17":{"name":"(anonymous_17)","decl":{"start":{"line":136,"column":11},"end":{"line":136,"column":23}},"loc":{"start":{"line":136,"column":23},"end":{"line":136,"column":25}},"line":136},"18":{"name":"(anonymous_18)","decl":{"start":{"line":138,"column":7},"end":{"line":138,"column":14}},"loc":{"start":{"line":138,"column":31},"end":{"line":145,"column":7}},"line":138},"19":{"name":"(anonymous_19)","decl":{"start":{"line":147,"column":4},"end":{"line":147,"column":17}},"loc":{"start":{"line":147,"column":17},"end":{"line":147,"column":null}},"line":147},"20":{"name":"triggerPipeline","decl":{"start":{"line":150,"column":11},"end":{"line":150,"column":27}},"loc":{"start":{"line":150,"column":67},"end":{"line":190,"column":null}},"line":150},"21":{"name":"(anonymous_21)","decl":{"start":{"line":154,"column":7},"end":{"line":154,"column":13}},"loc":{"start":{"line":154,"column":21},"end":{"line":188,"column":7}},"line":154},"22":{"name":"(anonymous_22)","decl":{"start":{"line":158,"column":30},"end":{"line":158,"column":47}},"loc":{"start":{"line":158,"column":53},"end":{"line":173,"column":11}},"line":158},"23":{"name":"(anonymous_23)","decl":{"start":{"line":162,"column":14},"end":{"line":162,"column":36}},"loc":{"start":{"line":162,"column":44},"end":{"line":169,"column":15}},"line":162},"24":{"name":"(anonymous_24)","decl":{"start":{"line":174,"column":30},"end":{"line":174,"column":47}},"loc":{"start":{"line":174,"column":53},"end":{"line":174,"column":91}},"line":174},"25":{"name":"(anonymous_25)","decl":{"start":{"line":175,"column":30},"end":{"line":175,"column":41}},"loc":{"start":{"line":175,"column":47},"end":{"line":175,"column":78}},"line":175},"26":{"name":"(anonymous_26)","decl":{"start":{"line":176,"column":30},"end":{"line":176,"column":51}},"loc":{"start":{"line":176,"column":57},"end":{"line":184,"column":11}},"line":176},"27":{"name":"(anonymous_27)","decl":{"start":{"line":180,"column":14},"end":{"line":180,"column":34}},"loc":{"start":{"line":180,"column":44},"end":{"line":180,"column":90}},"line":180},"28":{"name":"(anonymous_28)","decl":{"start":{"line":185,"column":30},"end":{"line":185,"column":44}},"loc":{"start":{"line":185,"column":44},"end":{"line":185,"column":116}},"line":185},"29":{"name":"(anonymous_29)","decl":{"start":{"line":186,"column":13},"end":{"line":186,"column":29}},"loc":{"start":{"line":186,"column":29},"end":{"line":186,"column":null}},"line":186},"30":{"name":"(anonymous_30)","decl":{"start":{"line":189,"column":7},"end":{"line":189,"column":14}},"loc":{"start":{"line":189,"column":31},"end":{"line":189,"column":100}},"line":189},"31":{"name":"(anonymous_31)","decl":{"start":{"line":216,"column":41},"end":{"line":216,"column":56}},"loc":{"start":{"line":216,"column":56},"end":{"line":216,"column":71}},"line":216},"32":{"name":"(anonymous_32)","decl":{"start":{"line":231,"column":39},"end":{"line":231,"column":44}},"loc":{"start":{"line":232,"column":12},"end":{"line":237,"column":null}},"line":232},"33":{"name":"(anonymous_33)","decl":{"start":{"line":236,"column":14},"end":{"line":236,"column":29}},"loc":{"start":{"line":236,"column":29},"end":{"line":236,"column":null}},"line":236},"34":{"name":"(anonymous_34)","decl":{"start":{"line":259,"column":97},"end":{"line":259,"column":108}},"loc":{"start":{"line":259,"column":117},"end":{"line":259,"column":184}},"line":259}},"branchMap":{"0":{"loc":{"start":{"line":66,"column":19},"end":{"line":66,"column":null}},"type":"binary-expr","locations":[{"start":{"line":66,"column":19},"end":{"line":66,"column":92}},{"start":{"line":66,"column":92},"end":{"line":66,"column":null}}],"line":66},"1":{"loc":{"start":{"line":67,"column":16},"end":{"line":67,"column":null}},"type":"binary-expr","locations":[{"start":{"line":67,"column":16},"end":{"line":67,"column":47}},{"start":{"line":67,"column":47},"end":{"line":67,"column":null}}],"line":67},"2":{"loc":{"start":{"line":68,"column":18},"end":{"line":73,"column":null}},"type":"cond-expr","locations":[{"start":{"line":69,"column":6},"end":{"line":72,"column":null}},{"start":{"line":73,"column":6},"end":{"line":73,"column":null}}],"line":68},"3":{"loc":{"start":{"line":70,"column":23},"end":{"line":70,"column":null}},"type":"cond-expr","locations":[{"start":{"line":70,"column":52},"end":{"line":70,"column":82}},{"start":{"line":70,"column":82},"end":{"line":70,"column":null}}],"line":70},"4":{"loc":{"start":{"line":75,"column":22},"end":{"line":77,"column":null}},"type":"cond-expr","locations":[{"start":{"line":76,"column":6},"end":{"line":76,"column":null}},{"start":{"line":77,"column":6},"end":{"line":77,"column":null}}],"line":75},"5":{"loc":{"start":{"line":82,"column":30},"end":{"line":82,"column":null}},"type":"cond-expr","locations":[{"start":{"line":82,"column":42},"end":{"line":82,"column":101}},{"start":{"line":82,"column":101},"end":{"line":82,"column":null}}],"line":82},"6":{"loc":{"start":{"line":83,"column":30},"end":{"line":83,"column":null}},"type":"cond-expr","locations":[{"start":{"line":83,"column":42},"end":{"line":83,"column":101}},{"start":{"line":83,"column":101},"end":{"line":83,"column":null}}],"line":83},"7":{"loc":{"start":{"line":84,"column":14},"end":{"line":84,"column":null}},"type":"cond-expr","locations":[{"start":{"line":84,"column":26},"end":{"line":84,"column":122}},{"start":{"line":84,"column":122},"end":{"line":84,"column":null}}],"line":84},"8":{"loc":{"start":{"line":85,"column":17},"end":{"line":85,"column":null}},"type":"cond-expr","locations":[{"start":{"line":85,"column":29},"end":{"line":85,"column":127}},{"start":{"line":85,"column":127},"end":{"line":85,"column":null}}],"line":85},"9":{"loc":{"start":{"line":88,"column":30},"end":{"line":88,"column":null}},"type":"cond-expr","locations":[{"start":{"line":88,"column":40},"end":{"line":88,"column":166}},{"start":{"line":88,"column":166},"end":{"line":88,"column":null}}],"line":88},"10":{"loc":{"start":{"line":89,"column":30},"end":{"line":89,"column":null}},"type":"cond-expr","locations":[{"start":{"line":89,"column":40},"end":{"line":89,"column":101}},{"start":{"line":89,"column":101},"end":{"line":89,"column":null}}],"line":89},"11":{"loc":{"start":{"line":90,"column":24},"end":{"line":90,"column":null}},"type":"cond-expr","locations":[{"start":{"line":90,"column":34},"end":{"line":90,"column":101}},{"start":{"line":90,"column":101},"end":{"line":90,"column":null}}],"line":90},"12":{"loc":{"start":{"line":90,"column":48},"end":{"line":90,"column":74}},"type":"cond-expr","locations":[{"start":{"line":90,"column":63},"end":{"line":90,"column":69}},{"start":{"line":90,"column":69},"end":{"line":90,"column":74}}],"line":90},"13":{"loc":{"start":{"line":91,"column":29},"end":{"line":91,"column":null}},"type":"cond-expr","locations":[{"start":{"line":91,"column":39},"end":{"line":91,"column":72}},{"start":{"line":91,"column":72},"end":{"line":91,"column":null}}],"line":91},"14":{"loc":{"start":{"line":92,"column":17},"end":{"line":92,"column":null}},"type":"cond-expr","locations":[{"start":{"line":92,"column":27},"end":{"line":92,"column":66}},{"start":{"line":92,"column":66},"end":{"line":92,"column":null}}],"line":92},"15":{"loc":{"start":{"line":96,"column":17},"end":{"line":96,"column":null}},"type":"cond-expr","locations":[{"start":{"line":96,"column":29},"end":{"line":96,"column":91}},{"start":{"line":96,"column":91},"end":{"line":96,"column":null}}],"line":96},"16":{"loc":{"start":{"line":118,"column":4},"end":{"line":118,"column":null}},"type":"if","locations":[{"start":{"line":118,"column":4},"end":{"line":118,"column":null}},{"start":{},"end":{}}],"line":118},"17":{"loc":{"start":{"line":120,"column":4},"end":{"line":120,"column":null}},"type":"if","locations":[{"start":{"line":120,"column":4},"end":{"line":120,"column":null}},{"start":{},"end":{}}],"line":120},"18":{"loc":{"start":{"line":122,"column":4},"end":{"line":122,"column":null}},"type":"if","locations":[{"start":{"line":122,"column":4},"end":{"line":122,"column":null}},{"start":{},"end":{}}],"line":122},"19":{"loc":{"start":{"line":139,"column":8},"end":{"line":139,"column":null}},"type":"if","locations":[{"start":{"line":139,"column":8},"end":{"line":139,"column":null}},{"start":{},"end":{}}],"line":139},"20":{"loc":{"start":{"line":139,"column":12},"end":{"line":139,"column":63}},"type":"binary-expr","locations":[{"start":{"line":139,"column":12},"end":{"line":139,"column":36}},{"start":{"line":139,"column":36},"end":{"line":139,"column":63}}],"line":139},"21":{"loc":{"start":{"line":140,"column":8},"end":{"line":143,"column":null}},"type":"if","locations":[{"start":{"line":140,"column":8},"end":{"line":143,"column":null}},{"start":{},"end":{}}],"line":140},"22":{"loc":{"start":{"line":140,"column":12},"end":{"line":140,"column":65}},"type":"binary-expr","locations":[{"start":{"line":140,"column":12},"end":{"line":140,"column":36}},{"start":{"line":140,"column":36},"end":{"line":140,"column":65}}],"line":140},"23":{"loc":{"start":{"line":155,"column":8},"end":{"line":187,"column":null}},"type":"if","locations":[{"start":{"line":155,"column":8},"end":{"line":187,"column":null}},{"start":{},"end":{}}],"line":155},"24":{"loc":{"start":{"line":163,"column":32},"end":{"line":163,"column":null}},"type":"binary-expr","locations":[{"start":{"line":163,"column":32},"end":{"line":163,"column":49}},{"start":{"line":163,"column":49},"end":{"line":163,"column":null}}],"line":163},"25":{"loc":{"start":{"line":164,"column":16},"end":{"line":164,"column":null}},"type":"if","locations":[{"start":{"line":164,"column":16},"end":{"line":164,"column":null}},{"start":{},"end":{}}],"line":164},"26":{"loc":{"start":{"line":165,"column":16},"end":{"line":165,"column":null}},"type":"if","locations":[{"start":{"line":165,"column":16},"end":{"line":165,"column":null}},{"start":{},"end":{}}],"line":165},"27":{"loc":{"start":{"line":166,"column":16},"end":{"line":166,"column":null}},"type":"if","locations":[{"start":{"line":166,"column":16},"end":{"line":166,"column":null}},{"start":{},"end":{}}],"line":166},"28":{"loc":{"start":{"line":167,"column":16},"end":{"line":167,"column":null}},"type":"if","locations":[{"start":{"line":167,"column":16},"end":{"line":167,"column":null}},{"start":{},"end":{}}],"line":167},"29":{"loc":{"start":{"line":192,"column":23},"end":{"line":192,"column":null}},"type":"cond-expr","locations":[{"start":{"line":192,"column":48},"end":{"line":192,"column":71}},{"start":{"line":192,"column":71},"end":{"line":192,"column":null}}],"line":192},"30":{"loc":{"start":{"line":193,"column":26},"end":{"line":193,"column":null}},"type":"cond-expr","locations":[{"start":{"line":193,"column":41},"end":{"line":193,"column":65}},{"start":{"line":193,"column":65},"end":{"line":193,"column":null}}],"line":193},"31":{"loc":{"start":{"line":194,"column":27},"end":{"line":194,"column":null}},"type":"cond-expr","locations":[{"start":{"line":194,"column":45},"end":{"line":194,"column":88}},{"start":{"line":194,"column":88},"end":{"line":194,"column":null}}],"line":194},"32":{"loc":{"start":{"line":194,"column":45},"end":{"line":194,"column":88}},"type":"binary-expr","locations":[{"start":{"line":194,"column":45},"end":{"line":194,"column":81}},{"start":{"line":194,"column":81},"end":{"line":194,"column":88}}],"line":194},"33":{"loc":{"start":{"line":196,"column":31},"end":{"line":196,"column":null}},"type":"cond-expr","locations":[{"start":{"line":196,"column":49},"end":{"line":196,"column":95}},{"start":{"line":196,"column":95},"end":{"line":196,"column":null}}],"line":196},"34":{"loc":{"start":{"line":196,"column":49},"end":{"line":196,"column":95}},"type":"binary-expr","locations":[{"start":{"line":196,"column":49},"end":{"line":196,"column":88}},{"start":{"line":196,"column":88},"end":{"line":196,"column":95}}],"line":196},"35":{"loc":{"start":{"line":198,"column":22},"end":{"line":200,"column":null}},"type":"cond-expr","locations":[{"start":{"line":199,"column":6},"end":{"line":199,"column":null}},{"start":{"line":200,"column":6},"end":{"line":200,"column":null}}],"line":198},"36":{"loc":{"start":{"line":198,"column":22},"end":{"line":198,"column":null}},"type":"binary-expr","locations":[{"start":{"line":198,"column":22},"end":{"line":198,"column":38}},{"start":{"line":198,"column":38},"end":{"line":198,"column":null}}],"line":198},"37":{"loc":{"start":{"line":202,"column":27},"end":{"line":208,"column":null}},"type":"cond-expr","locations":[{"start":{"line":203,"column":7},"end":{"line":207,"column":null}},{"start":{"line":208,"column":6},"end":{"line":208,"column":null}}],"line":202},"38":{"loc":{"start":{"line":203,"column":7},"end":{"line":207,"column":null}},"type":"cond-expr","locations":[{"start":{"line":204,"column":10},"end":{"line":204,"column":null}},{"start":{"line":205,"column":10},"end":{"line":207,"column":null}}],"line":203},"39":{"loc":{"start":{"line":205,"column":10},"end":{"line":207,"column":null}},"type":"cond-expr","locations":[{"start":{"line":206,"column":12},"end":{"line":206,"column":null}},{"start":{"line":207,"column":12},"end":{"line":207,"column":null}}],"line":205},"40":{"loc":{"start":{"line":218,"column":24},"end":{"line":218,"column":null}},"type":"cond-expr","locations":[{"start":{"line":218,"column":43},"end":{"line":218,"column":58}},{"start":{"line":218,"column":58},"end":{"line":218,"column":null}}],"line":218},"41":{"loc":{"start":{"line":218,"column":24},"end":{"line":218,"column":43}},"type":"binary-expr","locations":[{"start":{"line":218,"column":24},"end":{"line":218,"column":35}},{"start":{"line":218,"column":35},"end":{"line":218,"column":43}}],"line":218},"42":{"loc":{"start":{"line":219,"column":11},"end":{"line":222,"column":null}},"type":"binary-expr","locations":[{"start":{"line":219,"column":11},"end":{"line":219,"column":null}},{"start":{"line":220,"column":12},"end":{"line":222,"column":null}}],"line":219},"43":{"loc":{"start":{"line":224,"column":11},"end":{"line":229,"column":null}},"type":"binary-expr","locations":[{"start":{"line":224,"column":11},"end":{"line":224,"column":null}},{"start":{"line":225,"column":12},"end":{"line":229,"column":null}}],"line":224},"44":{"loc":{"start":{"line":231,"column":11},"end":{"line":238,"column":null}},"type":"binary-expr","locations":[{"start":{"line":231,"column":11},"end":{"line":231,"column":23}},{"start":{"line":231,"column":23},"end":{"line":231,"column":33}},{"start":{"line":231,"column":33},"end":{"line":238,"column":null}}],"line":231},"45":{"loc":{"start":{"line":236,"column":46},"end":{"line":236,"column":76}},"type":"cond-expr","locations":[{"start":{"line":236,"column":68},"end":{"line":236,"column":75}},{"start":{"line":236,"column":75},"end":{"line":236,"column":76}}],"line":236},"46":{"loc":{"start":{"line":259,"column":13},"end":{"line":259,"column":null}},"type":"cond-expr","locations":[{"start":{"line":259,"column":27},"end":{"line":259,"column":46}},{"start":{"line":259,"column":45},"end":{"line":259,"column":null}}],"line":259},"47":{"loc":{"start":{"line":259,"column":119},"end":{"line":259,"column":180}},"type":"if","locations":[{"start":{"line":259,"column":119},"end":{"line":259,"column":180}},{"start":{},"end":{}}],"line":259},"48":{"loc":{"start":{"line":271,"column":17},"end":{"line":271,"column":null}},"type":"cond-expr","locations":[{"start":{"line":271,"column":31},"end":{"line":271,"column":50}},{"start":{"line":271,"column":49},"end":{"line":271,"column":null}}],"line":271},"49":{"loc":{"start":{"line":281,"column":17},"end":{"line":281,"column":null}},"type":"cond-expr","locations":[{"start":{"line":281,"column":31},"end":{"line":281,"column":50}},{"start":{"line":281,"column":49},"end":{"line":281,"column":null}}],"line":281},"50":{"loc":{"start":{"line":292,"column":15},"end":{"line":296,"column":null}},"type":"cond-expr","locations":[{"start":{"line":292,"column":29},"end":{"line":292,"column":48}},{"start":{"line":292,"column":47},"end":{"line":296,"column":null}}],"line":292},"51":{"loc":{"start":{"line":293,"column":23},"end":{"line":293,"column":null}},"type":"binary-expr","locations":[{"start":{"line":293,"column":23},"end":{"line":293,"column":69}},{"start":{"line":293,"column":69},"end":{"line":293,"column":null}}],"line":293},"52":{"loc":{"start":{"line":294,"column":28},"end":{"line":294,"column":null}},"type":"cond-expr","locations":[{"start":{"line":294,"column":43},"end":{"line":294,"column":74}},{"start":{"line":294,"column":74},"end":{"line":294,"column":null}}],"line":294},"53":{"loc":{"start":{"line":295,"column":28},"end":{"line":295,"column":null}},"type":"cond-expr","locations":[{"start":{"line":295,"column":43},"end":{"line":295,"column":74}},{"start":{"line":295,"column":74},"end":{"line":295,"column":null}}],"line":295}},"s":{"0":2,"1":5,"2":0,"3":0,"4":5,"5":5,"6":5,"7":4,"8":5,"9":5,"10":4,"11":4,"12":5,"13":4,"14":5,"15":0,"16":0,"17":0,"18":0,"19":0,"20":0,"21":0,"22":0,"23":0,"24":0,"25":0,"26":0,"27":0,"28":0,"29":0,"30":0,"31":0,"32":0,"33":0,"34":0,"35":0,"36":0,"37":0,"38":0,"39":0,"40":0,"41":0,"42":0,"43":0,"44":0,"45":0,"46":0,"47":0,"48":0,"49":0,"50":0,"51":0,"52":0,"53":0,"54":0,"55":0,"56":0,"57":0,"58":0,"59":0,"60":0,"61":0,"62":0,"63":0,"64":0,"65":0,"66":0,"67":0,"68":0,"69":0,"70":0,"71":0,"72":0,"73":0,"74":0,"75":0,"76":0,"77":0,"78":0,"79":0,"80":0,"81":0,"82":0,"83":0,"84":0,"85":0,"86":0,"87":0,"88":0,"89":0,"90":0,"91":0,"92":0,"93":0,"94":0,"95":0,"96":0,"97":0,"98":0,"99":0,"100":0,"101":0,"102":0,"103":0,"104":0,"105":0,"106":0},"f":{"0":2,"1":5,"2":0,"3":0,"4":5,"5":4,"6":4,"7":4,"8":0,"9":0,"10":0,"11":0,"12":0,"13":0,"14":0,"15":0,"16":0,"17":0,"18":0,"19":0,"20":0,"21":0,"22":0,"23":0,"24":0,"25":0,"26":0,"27":0,"28":0,"29":0,"30":0,"31":0,"32":0,"33":0,"34":0},"b":{"0":[5,1],"1":[5,1],"2":[4,1],"3":[4,0],"4":[4,1],"5":[4,1],"6":[4,1],"7":[4,1],"8":[4,1],"9":[4,1],"10":[4,1],"11":[4,1],"12":[4,0],"13":[4,1],"14":[4,1],"15":[4,1],"16":[0,0],"17":[0,0],"18":[0,0],"19":[0,0],"20":[0,0],"21":[0,0],"22":[0,0],"23":[0,0],"24":[0,0],"25":[0,0],"26":[0,0],"27":[0,0],"28":[0,0],"29":[0,0],"30":[0,0],"31":[0,0],"32":[0,0],"33":[0,0],"34":[0,0],"35":[0,0],"36":[0,0],"37":[0,0],"38":[0,0],"39":[0,0],"40":[0,0],"41":[0,0],"42":[0,0],"43":[0,0],"44":[0,0,0],"45":[0,0],"46":[0,0],"47":[0,0],"48":[0,0],"49":[0,0],"50":[0,0],"51":[0,0],"52":[0,0],"53":[0,0]},"meta":{"lastBranch":54,"lastFunction":35,"lastStatement":107,"seen":{"f:17:16:17:24":0,"s:18:2:18:Infinity":0,"f:21:9:21:24":1,"s:22:2:22:Infinity":1,"f:26:9:26:36":2,"s:27:2:35:Infinity":2,"f:38:9:38:35":3,"s:39:2:58:Infinity":3,"f:62:16:62:48":4,"s:63:55:63:Infinity":4,"s:64:15:64:Infinity":5,"s:66:19:66:Infinity":6,"b:66:19:66:92:66:92:66:Infinity":0,"f:66:40:66:47":5,"s:66:52:66:80":7,"s:67:16:67:Infinity":8,"b:67:16:67:47:67:47:67:Infinity":1,"s:68:18:73:Infinity":9,"b:69:6:72:Infinity:73:6:73:Infinity":2,"f:69:26:69:34":6,"s:70:23:70:Infinity":10,"b:70:52:70:82:70:82:70:Infinity":3,"s:71:8:71:Infinity":11,"s:75:22:77:Infinity":12,"b:76:6:76:Infinity:77:6:77:Infinity":4,"f:76:30:76:34":7,"s:76:39:76:85":13,"s:79:2:98:Infinity":14,"b:82:42:82:101:82:101:82:Infinity":5,"b:83:42:83:101:83:101:83:Infinity":6,"b:84:26:84:122:84:122:84:Infinity":7,"b:85:29:85:127:85:127:85:Infinity":8,"b:88:40:88:166:88:166:88:Infinity":9,"b:89:40:89:101:89:101:89:Infinity":10,"b:90:34:90:101:90:101:90:Infinity":11,"b:90:63:90:69:90:69:90:74":12,"b:91:39:91:72:91:72:91:Infinity":13,"b:92:27:92:66:92:66:92:Infinity":14,"b:96:29:96:91:96:91:96:Infinity":15,"f:101:24:101:40":8,"s:102:26:102:Infinity":15,"s:103:8:103:Infinity":16,"f:103:17:103:31":9,"s:103:37:103:45":17,"s:104:24:104:Infinity":18,"s:105:26:105:Infinity":19,"s:106:29:106:Infinity":20,"s:107:22:107:Infinity":21,"s:108:8:108:Infinity":22,"s:109:8:109:Infinity":23,"s:111:2:115:Infinity":24,"f:111:2:111:18":10,"s:112:4:114:Infinity":25,"f:112:4:112:17":11,"s:113:6:113:Infinity":26,"s:117:2:148:Infinity":27,"f:117:2:117:18":12,"b:118:4:118:Infinity:undefined:undefined:undefined:undefined":16,"s:118:4:118:Infinity":28,"s:118:32:118:Infinity":29,"s:119:17:119:Infinity":30,"b:120:4:120:Infinity:undefined:undefined:undefined:undefined":17,"s:120:4:120:Infinity":31,"s:120:15:120:Infinity":32,"s:121:16:121:Infinity":33,"b:122:4:122:Infinity:undefined:undefined:undefined:undefined":18,"s:122:4:122:Infinity":34,"s:122:38:122:Infinity":35,"s:123:4:123:Infinity":36,"s:125:23:125:Infinity":37,"s:126:4:145:Infinity":38,"f:127:7:127:13":13,"s:128:8:128:Infinity":39,"f:128:8:128:28":14,"s:128:38:128:69":40,"s:129:8:136:Infinity":41,"f:130:11:130:17":15,"s:131:12:134:Infinity":42,"f:131:12:131:35":16,"s:131:45:134:14":43,"f:136:11:136:23":17,"f:138:7:138:14":18,"b:139:8:139:Infinity:undefined:undefined:undefined:undefined":19,"s:139:8:139:Infinity":44,"b:139:12:139:36:139:36:139:63":20,"s:139:63:139:Infinity":45,"b:140:8:143:Infinity:undefined:undefined:undefined:undefined":21,"s:140:8:143:Infinity":46,"b:140:12:140:36:140:36:140:65":22,"s:141:10:141:Infinity":47,"s:142:10:142:Infinity":48,"s:144:8:144:Infinity":49,"s:147:4:147:Infinity":50,"f:147:4:147:17":19,"s:147:17:147:Infinity":51,"f:150:11:150:27":20,"s:151:4:151:Infinity":52,"s:152:4:152:Infinity":53,"s:153:4:189:Infinity":54,"f:154:7:154:13":21,"b:155:8:187:Infinity:undefined:undefined:undefined:undefined":23,"s:155:8:187:Infinity":55,"s:156:16:156:Infinity":56,"s:157:10:157:Infinity":57,"s:158:10:173:Infinity":58,"f:158:30:158:47":22,"s:159:12:159:Infinity":59,"s:160:12:172:Infinity":60,"s:161:38:161:Infinity":61,"s:162:14:169:Infinity":62,"f:162:14:162:36":23,"s:163:32:163:Infinity":63,"b:163:32:163:49:163:49:163:Infinity":24,"b:164:16:164:Infinity:undefined:undefined:undefined:undefined":25,"s:164:16:164:Infinity":64,"s:164:52:164:Infinity":65,"b:165:16:165:Infinity:undefined:undefined:undefined:undefined":26,"s:165:16:165:Infinity":66,"s:165:52:165:Infinity":67,"b:166:16:166:Infinity:undefined:undefined:undefined:undefined":27,"s:166:16:166:Infinity":68,"s:166:52:166:Infinity":69,"b:167:16:167:Infinity:undefined:undefined:undefined:undefined":28,"s:167:16:167:Infinity":70,"s:167:52:167:Infinity":71,"s:168:16:168:Infinity":72,"s:171:14:171:Infinity":73,"s:174:10:174:Infinity":74,"f:174:30:174:47":24,"s:174:53:174:91":75,"s:175:10:175:Infinity":76,"f:175:30:175:41":25,"s:175:47:175:78":77,"s:176:10:184:Infinity":78,"f:176:30:176:51":26,"s:177:12:177:Infinity":79,"s:178:12:183:Infinity":80,"s:179:33:179:Infinity":81,"s:180:14:180:Infinity":82,"f:180:14:180:34":27,"s:180:44:180:90":83,"s:182:14:182:Infinity":84,"s:185:10:185:Infinity":85,"f:185:30:185:44":28,"s:185:46:185:58":86,"s:185:58:185:92":87,"s:185:92:185:115":88,"s:186:10:186:Infinity":89,"f:186:13:186:29":29,"s:186:31:186:71":90,"s:186:71:186:83":91,"s:186:83:186:106":92,"f:189:7:189:14":30,"s:189:33:189:76":93,"s:189:76:189:99":94,"s:192:23:192:Infinity":95,"b:192:48:192:71:192:71:192:Infinity":29,"s:193:26:193:Infinity":96,"b:193:41:193:65:193:65:193:Infinity":30,"s:194:27:194:Infinity":97,"b:194:45:194:88:194:88:194:Infinity":31,"b:194:45:194:81:194:81:194:88":32,"s:196:31:196:Infinity":98,"b:196:49:196:95:196:95:196:Infinity":33,"b:196:49:196:88:196:88:196:95":34,"s:198:22:200:Infinity":99,"b:199:6:199:Infinity:200:6:200:Infinity":35,"b:198:22:198:38:198:38:198:Infinity":36,"s:202:27:208:Infinity":100,"b:203:7:207:Infinity:208:6:208:Infinity":37,"b:204:10:204:Infinity:205:10:207:Infinity":38,"b:206:12:206:Infinity:207:12:207:Infinity":39,"s:210:2:301:Infinity":101,"f:216:41:216:56":31,"s:216:56:216:71":102,"b:218:43:218:58:218:58:218:Infinity":40,"b:218:24:218:35:218:35:218:43":41,"b:219:11:219:Infinity:220:12:222:Infinity":42,"b:224:11:224:Infinity:225:12:229:Infinity":43,"b:231:11:231:23:231:23:231:33:231:33:238:Infinity":44,"f:231:39:231:44":32,"s:232:12:237:Infinity":103,"f:236:14:236:29":33,"s:236:29:236:Infinity":104,"b:236:68:236:75:236:75:236:76":45,"b:259:27:259:46:259:45:259:Infinity":46,"f:259:97:259:108":34,"b:259:119:259:180:undefined:undefined:undefined:undefined":47,"s:259:119:259:180":105,"s:259:140:259:180":106,"b:271:31:271:50:271:49:271:Infinity":48,"b:281:31:281:50:281:49:281:Infinity":49,"b:292:29:292:48:292:47:296:Infinity":50,"b:293:23:293:69:293:69:293:Infinity":51,"b:294:43:294:74:294:74:294:Infinity":52,"b:295:43:295:74:295:74:295:Infinity":53}}}
,"/Users/ramkeidar/Desktop/NBA_app/frontend/src/components/dashboard/GameCard.tsx": {"path":"/Users/ramkeidar/Desktop/NBA_app/frontend/src/components/dashboard/GameCard.tsx","statementMap":{"0":{"start":{"line":4,"column":2},"end":{"line":4,"column":null}},"1":{"start":{"line":16,"column":2},"end":{"line":28,"column":null}},"2":{"start":{"line":39,"column":15},"end":{"line":39,"column":null}},"3":{"start":{"line":40,"column":15},"end":{"line":40,"column":null}},"4":{"start":{"line":42,"column":2},"end":{"line":58,"column":null}},"5":{"start":{"line":48,"column":24},"end":{"line":48,"column":null}}},"fnMap":{"0":{"name":"formatTime","decl":{"start":{"line":3,"column":9},"end":{"line":3,"column":20}},"loc":{"start":{"line":3,"column":41},"end":{"line":5,"column":null}},"line":3},"1":{"name":"TeamRow","decl":{"start":{"line":15,"column":9},"end":{"line":15,"column":17}},"loc":{"start":{"line":15,"column":65},"end":{"line":30,"column":null}},"line":15},"2":{"name":"GameCard","decl":{"start":{"line":38,"column":24},"end":{"line":38,"column":33}},"loc":{"start":{"line":38,"column":79},"end":{"line":60,"column":null}},"line":38},"3":{"name":"(anonymous_3)","decl":{"start":{"line":48,"column":6},"end":{"line":48,"column":18}},"loc":{"start":{"line":48,"column":24},"end":{"line":48,"column":null}},"line":48}},"branchMap":{"0":{"loc":{"start":{"line":44,"column":29},"end":{"line":44,"column":null}},"type":"cond-expr","locations":[{"start":{"line":44,"column":42},"end":{"line":44,"column":67}},{"start":{"line":44,"column":67},"end":{"line":44,"column":null}}],"line":44},"1":{"loc":{"start":{"line":48,"column":24},"end":{"line":48,"column":null}},"type":"binary-expr","locations":[{"start":{"line":48,"column":24},"end":{"line":48,"column":45}},{"start":{"line":48,"column":45},"end":{"line":48,"column":null}}],"line":48}},"s":{"0":4,"1":8,"2":4,"3":4,"4":4,"5":0},"f":{"0":4,"1":8,"2":4,"3":0},"b":{"0":[1,3],"1":[0,0]},"meta":{"lastBranch":2,"lastFunction":4,"lastStatement":6,"seen":{"f:3:9:3:20":0,"s:4:2:4:Infinity":0,"f:15:9:15:17":1,"s:16:2:28:Infinity":1,"f:38:24:38:33":2,"s:39:15:39:Infinity":2,"s:40:15:40:Infinity":3,"s:42:2:58:Infinity":4,"b:44:42:44:67:44:67:44:Infinity":0,"f:48:6:48:18":3,"s:48:24:48:Infinity":5,"b:48:24:48:45:48:45:48:Infinity":1}}}
,"/Users/ramkeidar/Desktop/NBA_app/frontend/src/components/dashboard/PlaceBetPanel.tsx": {"path":"/Users/ramkeidar/Desktop/NBA_app/frontend/src/components/dashboard/PlaceBetPanel.tsx","statementMap":{"0":{"start":{"line":10,"column":2},"end":{"line":16,"column":null}},"1":{"start":{"line":11,"column":4},"end":{"line":14,"column":null}},"2":{"start":{"line":18,"column":2},"end":{"line":18,"column":null}}},"fnMap":{"0":{"name":"PlaceBetPanel","decl":{"start":{"line":8,"column":24},"end":{"line":8,"column":38}},"loc":{"start":{"line":8,"column":78},"end":{"line":19,"column":null}},"line":8}},"branchMap":{"0":{"loc":{"start":{"line":10,"column":2},"end":{"line":16,"column":null}},"type":"if","locations":[{"start":{"line":10,"column":2},"end":{"line":16,"column":null}},{"start":{},"end":{}}],"line":10}},"s":{"0":0,"1":0,"2":0},"f":{"0":0},"b":{"0":[0,0]},"meta":{"lastBranch":1,"lastFunction":1,"lastStatement":3,"seen":{"f:8:24:8:38":0,"b:10:2:16:Infinity:undefined:undefined:undefined:undefined":0,"s:10:2:16:Infinity":0,"s:11:4:14:Infinity":1,"s:18:2:18:Infinity":2}}}
,"/Users/ramkeidar/Desktop/NBA_app/frontend/src/components/dashboard/Previous10GamesPanel.tsx": {"path":"/Users/ramkeidar/Desktop/NBA_app/frontend/src/components/dashboard/Previous10GamesPanel.tsx","statementMap":{"0":{"start":{"line":10,"column":14},"end":{"line":10,"column":null}},"1":{"start":{"line":11,"column":16},"end":{"line":11,"column":null}},"2":{"start":{"line":12,"column":22},"end":{"line":12,"column":null}},"3":{"start":{"line":15,"column":12},"end":{"line":15,"column":null}},"4":{"start":{"line":16,"column":13},"end":{"line":16,"column":null}},"5":{"start":{"line":17,"column":13},"end":{"line":17,"column":null}},"6":{"start":{"line":18,"column":2},"end":{"line":18,"column":null}},"7":{"start":{"line":22,"column":8},"end":{"line":22,"column":null}},"8":{"start":{"line":23,"column":20},"end":{"line":23,"column":null}},"9":{"start":{"line":25,"column":2},"end":{"line":33,"column":null}},"10":{"start":{"line":26,"column":15},"end":{"line":26,"column":null}},"11":{"start":{"line":27,"column":4},"end":{"line":27,"column":null}},"12":{"start":{"line":27,"column":13},"end":{"line":27,"column":null}},"13":{"start":{"line":28,"column":15},"end":{"line":30,"column":null}},"14":{"start":{"line":29,"column":6},"end":{"line":29,"column":null}},"15":{"start":{"line":31,"column":4},"end":{"line":31,"column":null}},"16":{"start":{"line":32,"column":4},"end":{"line":32,"column":null}},"17":{"start":{"line":32,"column":17},"end":{"line":32,"column":null}},"18":{"start":{"line":35,"column":17},"end":{"line":35,"column":null}},"19":{"start":{"line":35,"column":43},"end":{"line":35,"column":71}},"20":{"start":{"line":37,"column":20},"end":{"line":37,"column":null}},"21":{"start":{"line":37,"column":40},"end":{"line":37,"column":68}},"22":{"start":{"line":38,"column":19},"end":{"line":38,"column":null}},"23":{"start":{"line":39,"column":19},"end":{"line":39,"column":null}},"24":{"start":{"line":40,"column":15},"end":{"line":40,"column":null}},"25":{"start":{"line":41,"column":15},"end":{"line":41,"column":null}},"26":{"start":{"line":42,"column":15},"end":{"line":42,"column":null}},"27":{"start":{"line":44,"column":12},"end":{"line":44,"column":null}},"28":{"start":{"line":45,"column":15},"end":{"line":45,"column":null}},"29":{"start":{"line":46,"column":16},"end":{"line":46,"column":null}},"30":{"start":{"line":47,"column":16},"end":{"line":47,"column":null}},"31":{"start":{"line":48,"column":17},"end":{"line":48,"column":null}},"32":{"start":{"line":51,"column":4},"end":{"line":51,"column":null}},"33":{"start":{"line":55,"column":4},"end":{"line":55,"column":null}},"34":{"start":{"line":58,"column":21},"end":{"line":61,"column":null}},"35":{"start":{"line":59,"column":18},"end":{"line":59,"column":null}},"36":{"start":{"line":60,"column":4},"end":{"line":60,"column":null}},"37":{"start":{"line":63,"column":21},"end":{"line":66,"column":null}},"38":{"start":{"line":64,"column":18},"end":{"line":64,"column":null}},"39":{"start":{"line":65,"column":4},"end":{"line":65,"column":null}},"40":{"start":{"line":68,"column":8},"end":{"line":69,"column":null}},"41":{"start":{"line":69,"column":4},"end":{"line":69,"column":null}},"42":{"start":{"line":69,"column":17},"end":{"line":69,"column":32}},"43":{"start":{"line":71,"column":16},"end":{"line":71,"column":null}},"44":{"start":{"line":72,"column":21},"end":{"line":74,"column":null}},"45":{"start":{"line":73,"column":4},"end":{"line":73,"column":null}},"46":{"start":{"line":76,"column":2},"end":{"line":84,"column":null}},"47":{"start":{"line":77,"column":4},"end":{"line":82,"column":null}},"48":{"start":{"line":86,"column":2},"end":{"line":217,"column":null}},"49":{"start":{"line":108,"column":22},"end":{"line":108,"column":null}},"50":{"start":{"line":109,"column":12},"end":{"line":122,"column":null}},"51":{"start":{"line":138,"column":12},"end":{"line":147,"column":null}},"52":{"start":{"line":172,"column":12},"end":{"line":190,"column":null}},"53":{"start":{"line":195,"column":12},"end":{"line":213,"column":null}}},"fnMap":{"0":{"name":"formatDate","decl":{"start":{"line":14,"column":9},"end":{"line":14,"column":20}},"loc":{"start":{"line":14,"column":41},"end":{"line":19,"column":null}},"line":14},"1":{"name":"Previous10GamesPanel","decl":{"start":{"line":21,"column":24},"end":{"line":21,"column":45}},"loc":{"start":{"line":21,"column":107},"end":{"line":219,"column":null}},"line":21},"2":{"name":"(anonymous_2)","decl":{"start":{"line":25,"column":2},"end":{"line":25,"column":18}},"loc":{"start":{"line":25,"column":18},"end":{"line":33,"column":5}},"line":25},"3":{"name":"(anonymous_3)","decl":{"start":{"line":28,"column":19},"end":{"line":28,"column":34}},"loc":{"start":{"line":28,"column":45},"end":{"line":30,"column":5}},"line":28},"4":{"name":"(anonymous_4)","decl":{"start":{"line":32,"column":4},"end":{"line":32,"column":17}},"loc":{"start":{"line":32,"column":17},"end":{"line":32,"column":null}},"line":32},"5":{"name":"(anonymous_5)","decl":{"start":{"line":35,"column":28},"end":{"line":35,"column":34}},"loc":{"start":{"line":35,"column":43},"end":{"line":35,"column":71}},"line":35},"6":{"name":"(anonymous_6)","decl":{"start":{"line":37,"column":27},"end":{"line":37,"column":35}},"loc":{"start":{"line":37,"column":40},"end":{"line":37,"column":68}},"line":37},"7":{"name":"xPos","decl":{"start":{"line":50,"column":11},"end":{"line":50,"column":16}},"loc":{"start":{"line":50,"column":35},"end":{"line":52,"column":null}},"line":50},"8":{"name":"yPos","decl":{"start":{"line":54,"column":11},"end":{"line":54,"column":16}},"loc":{"start":{"line":54,"column":39},"end":{"line":56,"column":null}},"line":54},"9":{"name":"(anonymous_9)","decl":{"start":{"line":58,"column":28},"end":{"line":58,"column":33}},"loc":{"start":{"line":58,"column":42},"end":{"line":61,"column":3}},"line":58},"10":{"name":"(anonymous_10)","decl":{"start":{"line":63,"column":28},"end":{"line":63,"column":33}},"loc":{"start":{"line":63,"column":42},"end":{"line":66,"column":3}},"line":63},"11":{"name":"(anonymous_11)","decl":{"start":{"line":68,"column":8},"end":{"line":68,"column":22}},"loc":{"start":{"line":69,"column":4},"end":{"line":69,"column":null}},"line":69},"12":{"name":"(anonymous_12)","decl":{"start":{"line":69,"column":8},"end":{"line":69,"column":12}},"loc":{"start":{"line":69,"column":17},"end":{"line":69,"column":32}},"line":69},"13":{"name":"(anonymous_13)","decl":{"start":{"line":72,"column":52},"end":{"line":72,"column":56}},"loc":{"start":{"line":73,"column":4},"end":{"line":73,"column":null}},"line":73},"14":{"name":"(anonymous_14)","decl":{"start":{"line":107,"column":22},"end":{"line":107,"column":26}},"loc":{"start":{"line":107,"column":34},"end":{"line":124,"column":11}},"line":107},"15":{"name":"(anonymous_15)","decl":{"start":{"line":137,"column":18},"end":{"line":137,"column":23}},"loc":{"start":{"line":138,"column":12},"end":{"line":147,"column":null}},"line":138},"16":{"name":"(anonymous_16)","decl":{"start":{"line":171,"column":22},"end":{"line":171,"column":27}},"loc":{"start":{"line":172,"column":12},"end":{"line":190,"column":null}},"line":172},"17":{"name":"(anonymous_17)","decl":{"start":{"line":194,"column":22},"end":{"line":194,"column":27}},"loc":{"start":{"line":195,"column":12},"end":{"line":213,"column":null}},"line":195}},"branchMap":{"0":{"loc":{"start":{"line":27,"column":4},"end":{"line":27,"column":null}},"type":"if","locations":[{"start":{"line":27,"column":4},"end":{"line":27,"column":null}},{"start":{},"end":{}}],"line":27},"1":{"loc":{"start":{"line":40,"column":15},"end":{"line":40,"column":null}},"type":"binary-expr","locations":[{"start":{"line":40,"column":15},"end":{"line":40,"column":58}},{"start":{"line":40,"column":58},"end":{"line":40,"column":null}}],"line":40},"2":{"loc":{"start":{"line":51,"column":27},"end":{"line":51,"column":null}},"type":"cond-expr","locations":[{"start":{"line":51,"column":37},"end":{"line":51,"column":50}},{"start":{"line":51,"column":50},"end":{"line":51,"column":null}}],"line":51},"3":{"loc":{"start":{"line":59,"column":18},"end":{"line":59,"column":null}},"type":"cond-expr","locations":[{"start":{"line":59,"column":50},"end":{"line":59,"column":65}},{"start":{"line":59,"column":65},"end":{"line":59,"column":null}}],"line":59},"4":{"loc":{"start":{"line":64,"column":18},"end":{"line":64,"column":null}},"type":"cond-expr","locations":[{"start":{"line":64,"column":50},"end":{"line":64,"column":65}},{"start":{"line":64,"column":65},"end":{"line":64,"column":null}}],"line":64},"5":{"loc":{"start":{"line":76,"column":2},"end":{"line":84,"column":null}},"type":"if","locations":[{"start":{"line":76,"column":2},"end":{"line":84,"column":null}},{"start":{},"end":{}}],"line":76},"6":{"loc":{"start":{"line":99,"column":7},"end":{"line":217,"column":null}},"type":"binary-expr","locations":[{"start":{"line":99,"column":7},"end":{"line":99,"column":null}},{"start":{"line":100,"column":8},"end":{"line":217,"column":null}}],"line":99},"7":{"loc":{"start":{"line":176,"column":19},"end":{"line":176,"column":null}},"type":"cond-expr","locations":[{"start":{"line":176,"column":28},"end":{"line":176,"column":32}},{"start":{"line":176,"column":32},"end":{"line":176,"column":null}}],"line":176},"8":{"loc":{"start":{"line":177,"column":22},"end":{"line":177,"column":null}},"type":"cond-expr","locations":[{"start":{"line":177,"column":31},"end":{"line":177,"column":43}},{"start":{"line":177,"column":43},"end":{"line":177,"column":null}}],"line":177},"9":{"loc":{"start":{"line":183,"column":27},"end":{"line":183,"column":null}},"type":"cond-expr","locations":[{"start":{"line":183,"column":36},"end":{"line":183,"column":41}},{"start":{"line":183,"column":41},"end":{"line":183,"column":null}}],"line":183},"10":{"loc":{"start":{"line":199,"column":19},"end":{"line":199,"column":null}},"type":"cond-expr","locations":[{"start":{"line":199,"column":28},"end":{"line":199,"column":32}},{"start":{"line":199,"column":32},"end":{"line":199,"column":null}}],"line":199},"11":{"loc":{"start":{"line":200,"column":22},"end":{"line":200,"column":null}},"type":"cond-expr","locations":[{"start":{"line":200,"column":31},"end":{"line":200,"column":43}},{"start":{"line":200,"column":43},"end":{"line":200,"column":null}}],"line":200},"12":{"loc":{"start":{"line":206,"column":27},"end":{"line":206,"column":null}},"type":"cond-expr","locations":[{"start":{"line":206,"column":36},"end":{"line":206,"column":41}},{"start":{"line":206,"column":41},"end":{"line":206,"column":null}}],"line":206}},"s":{"0":2,"1":2,"2":2,"3":0,"4":0,"5":0,"6":0,"7":0,"8":0,"9":0,"10":0,"11":0,"12":0,"13":0,"14":0,"15":0,"16":0,"17":0,"18":0,"19":0,"20":0,"21":0,"22":0,"23":0,"24":0,"25":0,"26":0,"27":0,"28":0,"29":0,"30":0,"31":0,"32":0,"33":0,"34":0,"35":0,"36":0,"37":0,"38":0,"39":0,"40":0,"41":0,"42":0,"43":0,"44":0,"45":0,"46":0,"47":0,"48":0,"49":0,"50":0,"51":0,"52":0,"53":0},"f":{"0":0,"1":0,"2":0,"3":0,"4":0,"5":0,"6":0,"7":0,"8":0,"9":0,"10":0,"11":0,"12":0,"13":0,"14":0,"15":0,"16":0,"17":0},"b":{"0":[0,0],"1":[0,0],"2":[0,0],"3":[0,0],"4":[0,0],"5":[0,0],"6":[0,0],"7":[0,0],"8":[0,0],"9":[0,0],"10":[0,0],"11":[0,0],"12":[0,0]},"meta":{"lastBranch":13,"lastFunction":18,"lastStatement":54,"seen":{"s:10:14:10:Infinity":0,"s:11:16:11:Infinity":1,"s:12:22:12:Infinity":2,"f:14:9:14:20":0,"s:15:12:15:Infinity":3,"s:16:13:16:Infinity":4,"s:17:13:17:Infinity":5,"s:18:2:18:Infinity":6,"f:21:24:21:45":1,"s:22:8:22:Infinity":7,"s:23:20:23:Infinity":8,"s:25:2:33:Infinity":9,"f:25:2:25:18":2,"s:26:15:26:Infinity":10,"b:27:4:27:Infinity:undefined:undefined:undefined:undefined":0,"s:27:4:27:Infinity":11,"s:27:13:27:Infinity":12,"s:28:15:30:Infinity":13,"f:28:19:28:34":3,"s:29:6:29:Infinity":14,"s:31:4:31:Infinity":15,"s:32:4:32:Infinity":16,"f:32:4:32:17":4,"s:32:17:32:Infinity":17,"s:35:17:35:Infinity":18,"f:35:28:35:34":5,"s:35:43:35:71":19,"s:37:20:37:Infinity":20,"f:37:27:37:35":6,"s:37:40:37:68":21,"s:38:19:38:Infinity":22,"s:39:19:39:Infinity":23,"s:40:15:40:Infinity":24,"b:40:15:40:58:40:58:40:Infinity":1,"s:41:15:41:Infinity":25,"s:42:15:42:Infinity":26,"s:44:12:44:Infinity":27,"s:45:15:45:Infinity":28,"s:46:16:46:Infinity":29,"s:47:16:47:Infinity":30,"s:48:17:48:Infinity":31,"f:50:11:50:16":7,"s:51:4:51:Infinity":32,"b:51:37:51:50:51:50:51:Infinity":2,"f:54:11:54:16":8,"s:55:4:55:Infinity":33,"s:58:21:61:Infinity":34,"f:58:28:58:33":9,"s:59:18:59:Infinity":35,"b:59:50:59:65:59:65:59:Infinity":3,"s:60:4:60:Infinity":36,"s:63:21:66:Infinity":37,"f:63:28:63:33":10,"s:64:18:64:Infinity":38,"b:64:50:64:65:64:65:64:Infinity":4,"s:65:4:65:Infinity":39,"s:68:8:69:Infinity":40,"f:68:8:68:22":11,"s:69:4:69:Infinity":41,"f:69:8:69:12":12,"s:69:17:69:32":42,"s:71:16:71:Infinity":43,"s:72:21:74:Infinity":44,"f:72:52:72:56":13,"s:73:4:73:Infinity":45,"b:76:2:84:Infinity:undefined:undefined:undefined:undefined":5,"s:76:2:84:Infinity":46,"s:77:4:82:Infinity":47,"s:86:2:217:Infinity":48,"b:99:7:99:Infinity:100:8:217:Infinity":6,"f:107:22:107:26":14,"s:108:22:108:Infinity":49,"s:109:12:122:Infinity":50,"f:137:18:137:23":15,"s:138:12:147:Infinity":51,"f:171:22:171:27":16,"s:172:12:190:Infinity":52,"b:176:28:176:32:176:32:176:Infinity":7,"b:177:31:177:43:177:43:177:Infinity":8,"b:183:36:183:41:183:41:183:Infinity":9,"f:194:22:194:27":17,"s:195:12:213:Infinity":53,"b:199:28:199:32:199:32:199:Infinity":10,"b:200:31:200:43:200:43:200:Infinity":11,"b:206:36:206:41:206:41:206:Infinity":12}}}
,"/Users/ramkeidar/Desktop/NBA_app/frontend/src/components/dashboard/RecommendationCard.tsx": {"path":"/Users/ramkeidar/Desktop/NBA_app/frontend/src/components/dashboard/RecommendationCard.tsx","statementMap":{"0":{"start":{"line":4,"column":2},"end":{"line":4,"column":null}},"1":{"start":{"line":8,"column":2},"end":{"line":8,"column":null}},"2":{"start":{"line":12,"column":2},"end":{"line":12,"column":null}},"3":{"start":{"line":15,"column":47},"end":{"line":19,"column":null}},"4":{"start":{"line":26,"column":14},"end":{"line":26,"column":null}},"5":{"start":{"line":27,"column":2},"end":{"line":36,"column":null}},"6":{"start":{"line":45,"column":2},"end":{"line":48,"column":null}},"7":{"start":{"line":57,"column":2},"end":{"line":104,"column":null}}},"fnMap":{"0":{"name":"teamLogoPath","decl":{"start":{"line":3,"column":9},"end":{"line":3,"column":22}},"loc":{"start":{"line":3,"column":44},"end":{"line":5,"column":null}},"line":3},"1":{"name":"formatMatchupName","decl":{"start":{"line":7,"column":9},"end":{"line":7,"column":27}},"loc":{"start":{"line":7,"column":48},"end":{"line":9,"column":null}},"line":7},"2":{"name":"formatTeamName","decl":{"start":{"line":11,"column":9},"end":{"line":11,"column":24}},"loc":{"start":{"line":11,"column":45},"end":{"line":13,"column":null}},"line":11},"3":{"name":"ConfidenceBar","decl":{"start":{"line":25,"column":9},"end":{"line":25,"column":23}},"loc":{"start":{"line":25,"column":54},"end":{"line":38,"column":null}},"line":25},"4":{"name":"RiskBadge","decl":{"start":{"line":44,"column":9},"end":{"line":44,"column":19}},"loc":{"start":{"line":44,"column":46},"end":{"line":50,"column":null}},"line":44},"5":{"name":"RecommendationCard","decl":{"start":{"line":56,"column":24},"end":{"line":56,"column":43}},"loc":{"start":{"line":56,"column":77},"end":{"line":106,"column":null}},"line":56}},"branchMap":{"0":{"loc":{"start":{"line":85,"column":45},"end":{"line":85,"column":76}},"type":"cond-expr","locations":[{"start":{"line":85,"column":66},"end":{"line":85,"column":72}},{"start":{"line":85,"column":72},"end":{"line":85,"column":76}}],"line":85}},"s":{"0":0,"1":0,"2":0,"3":2,"4":0,"5":0,"6":0,"7":0},"f":{"0":0,"1":0,"2":0,"3":0,"4":0,"5":0},"b":{"0":[0,0]},"meta":{"lastBranch":1,"lastFunction":6,"lastStatement":8,"seen":{"f:3:9:3:22":0,"s:4:2:4:Infinity":0,"f:7:9:7:27":1,"s:8:2:8:Infinity":1,"f:11:9:11:24":2,"s:12:2:12:Infinity":2,"s:15:47:19:Infinity":3,"f:25:9:25:23":3,"s:26:14:26:Infinity":4,"s:27:2:36:Infinity":5,"f:44:9:44:19":4,"s:45:2:48:Infinity":6,"f:56:24:56:43":5,"s:57:2:104:Infinity":7,"b:85:66:85:72:85:72:85:76":0}}}
,"/Users/ramkeidar/Desktop/NBA_app/frontend/src/components/dashboard/SpecificGamePanel.tsx": {"path":"/Users/ramkeidar/Desktop/NBA_app/frontend/src/components/dashboard/SpecificGamePanel.tsx","statementMap":{"0":{"start":{"line":10,"column":2},"end":{"line":14,"column":null}},"1":{"start":{"line":26,"column":2},"end":{"line":54,"column":null}},"2":{"start":{"line":63,"column":15},"end":{"line":63,"column":null}},"3":{"start":{"line":64,"column":15},"end":{"line":64,"column":null}},"4":{"start":{"line":66,"column":57},"end":{"line":69,"column":null}},"5":{"start":{"line":71,"column":2},"end":{"line":77,"column":null}},"6":{"start":{"line":72,"column":4},"end":{"line":75,"column":null}},"7":{"start":{"line":79,"column":2},"end":{"line":85,"column":null}},"8":{"start":{"line":80,"column":4},"end":{"line":83,"column":null}},"9":{"start":{"line":87,"column":2},"end":{"line":93,"column":null}},"10":{"start":{"line":88,"column":4},"end":{"line":91,"column":null}},"11":{"start":{"line":95,"column":2},"end":{"line":100,"column":null}}},"fnMap":{"0":{"name":"StatRow","decl":{"start":{"line":9,"column":9},"end":{"line":9,"column":17}},"loc":{"start":{"line":9,"column":49},"end":{"line":16,"column":null}},"line":9},"1":{"name":"TeamColumn","decl":{"start":{"line":25,"column":9},"end":{"line":25,"column":20}},"loc":{"start":{"line":25,"column":74},"end":{"line":56,"column":null}},"line":25},"2":{"name":"SpecificGamePanel","decl":{"start":{"line":62,"column":24},"end":{"line":62,"column":42}},"loc":{"start":{"line":62,"column":76},"end":{"line":102,"column":null}},"line":62}},"branchMap":{"0":{"loc":{"start":{"line":36,"column":43},"end":{"line":36,"column":83}},"type":"cond-expr","locations":[{"start":{"line":36,"column":61},"end":{"line":36,"column":70}},{"start":{"line":36,"column":70},"end":{"line":36,"column":83}}],"line":36},"1":{"loc":{"start":{"line":40,"column":7},"end":{"line":54,"column":null}},"type":"cond-expr","locations":[{"start":{"line":41,"column":8},"end":{"line":52,"column":9}},{"start":{"line":52,"column":8},"end":{"line":54,"column":null}}],"line":40},"2":{"loc":{"start":{"line":63,"column":15},"end":{"line":63,"column":null}},"type":"cond-expr","locations":[{"start":{"line":63,"column":22},"end":{"line":63,"column":42}},{"start":{"line":63,"column":42},"end":{"line":63,"column":null}}],"line":63},"3":{"loc":{"start":{"line":64,"column":15},"end":{"line":64,"column":null}},"type":"cond-expr","locations":[{"start":{"line":64,"column":22},"end":{"line":64,"column":42}},{"start":{"line":64,"column":42},"end":{"line":64,"column":null}}],"line":64},"4":{"loc":{"start":{"line":67,"column":4},"end":{"line":67,"column":null}},"type":"binary-expr","locations":[{"start":{"line":67,"column":4},"end":{"line":67,"column":16}},{"start":{"line":67,"column":16},"end":{"line":67,"column":null}}],"line":67},"5":{"loc":{"start":{"line":68,"column":4},"end":{"line":68,"column":null}},"type":"binary-expr","locations":[{"start":{"line":68,"column":4},"end":{"line":68,"column":16}},{"start":{"line":68,"column":16},"end":{"line":68,"column":null}}],"line":68},"6":{"loc":{"start":{"line":71,"column":2},"end":{"line":77,"column":null}},"type":"if","locations":[{"start":{"line":71,"column":2},"end":{"line":77,"column":null}},{"start":{},"end":{}}],"line":71},"7":{"loc":{"start":{"line":79,"column":2},"end":{"line":85,"column":null}},"type":"if","locations":[{"start":{"line":79,"column":2},"end":{"line":85,"column":null}},{"start":{},"end":{}}],"line":79},"8":{"loc":{"start":{"line":87,"column":2},"end":{"line":93,"column":null}},"type":"if","locations":[{"start":{"line":87,"column":2},"end":{"line":93,"column":null}},{"start":{},"end":{}}],"line":87}},"s":{"0":0,"1":0,"2":0,"3":0,"4":0,"5":0,"6":0,"7":0,"8":0,"9":0,"10":0,"11":0},"f":{"0":0,"1":0,"2":0},"b":{"0":[0,0],"1":[0,0],"2":[0,0],"3":[0,0],"4":[0,0],"5":[0,0],"6":[0,0],"7":[0,0],"8":[0,0]},"meta":{"lastBranch":9,"lastFunction":3,"lastStatement":12,"seen":{"f:9:9:9:17":0,"s:10:2:14:Infinity":0,"f:25:9:25:20":1,"s:26:2:54:Infinity":1,"b:36:61:36:70:36:70:36:83":0,"b:41:8:52:9:52:8:54:Infinity":1,"f:62:24:62:42":2,"s:63:15:63:Infinity":2,"b:63:22:63:42:63:42:63:Infinity":2,"s:64:15:64:Infinity":3,"b:64:22:64:42:64:42:64:Infinity":3,"s:66:57:69:Infinity":4,"b:67:4:67:16:67:16:67:Infinity":4,"b:68:4:68:16:68:16:68:Infinity":5,"b:71:2:77:Infinity:undefined:undefined:undefined:undefined":6,"s:71:2:77:Infinity":5,"s:72:4:75:Infinity":6,"b:79:2:85:Infinity:undefined:undefined:undefined:undefined":7,"s:79:2:85:Infinity":7,"s:80:4:83:Infinity":8,"b:87:2:93:Infinity:undefined:undefined:undefined:undefined":8,"s:87:2:93:Infinity":9,"s:88:4:91:Infinity":10,"s:95:2:100:Infinity":11}}}
,"/Users/ramkeidar/Desktop/NBA_app/frontend/src/components/ui/LoadingDots.css": {"path":"/Users/ramkeidar/Desktop/NBA_app/frontend/src/components/ui/LoadingDots.css","statementMap":{},"fnMap":{},"branchMap":{},"s":{},"f":{},"b":{},"meta":{"lastBranch":0,"lastFunction":0,"lastStatement":0,"seen":{}}}
,"/Users/ramkeidar/Desktop/NBA_app/frontend/src/components/ui/LoadingDots.tsx": {"path":"/Users/ramkeidar/Desktop/NBA_app/frontend/src/components/ui/LoadingDots.tsx","statementMap":{"0":{"start":{"line":4,"column":2},"end":{"line":9,"column":null}}},"fnMap":{"0":{"name":"LoadingDots","decl":{"start":{"line":3,"column":24},"end":{"line":3,"column":38}},"loc":{"start":{"line":3,"column":38},"end":{"line":11,"column":null}},"line":3}},"branchMap":{},"s":{"0":0},"f":{"0":0},"b":{},"meta":{"lastBranch":0,"lastFunction":1,"lastStatement":1,"seen":{"f:3:24:3:38":0,"s:4:2:9:Infinity":0}}}
,"/Users/ramkeidar/Desktop/NBA_app/frontend/src/hooks/useGames.ts": {"path":"/Users/ramkeidar/Desktop/NBA_app/frontend/src/hooks/useGames.ts","statementMap":{"0":{"start":{"line":12,"column":16},"end":{"line":12,"column":null}},"1":{"start":{"line":13,"column":18},"end":{"line":13,"column":null}},"2":{"start":{"line":14,"column":16},"end":{"line":14,"column":null}},"3":{"start":{"line":16,"column":2},"end":{"line":28,"column":null}},"4":{"start":{"line":17,"column":23},"end":{"line":17,"column":null}},"5":{"start":{"line":19,"column":4},"end":{"line":25,"column":null}},"6":{"start":{"line":20,"column":22},"end":{"line":20,"column":36}},"7":{"start":{"line":22,"column":8},"end":{"line":22,"column":null}},"8":{"start":{"line":22,"column":63},"end":{"line":22,"column":null}},"9":{"start":{"line":23,"column":8},"end":{"line":23,"column":null}},"10":{"start":{"line":25,"column":21},"end":{"line":25,"column":38}},"11":{"start":{"line":27,"column":4},"end":{"line":27,"column":null}},"12":{"start":{"line":27,"column":17},"end":{"line":27,"column":null}},"13":{"start":{"line":30,"column":2},"end":{"line":30,"column":null}}},"fnMap":{"0":{"name":"useGames","decl":{"start":{"line":11,"column":16},"end":{"line":11,"column":43}},"loc":{"start":{"line":11,"column":43},"end":{"line":31,"column":null}},"line":11},"1":{"name":"(anonymous_1)","decl":{"start":{"line":16,"column":2},"end":{"line":16,"column":18}},"loc":{"start":{"line":16,"column":18},"end":{"line":28,"column":5}},"line":16},"2":{"name":"(anonymous_2)","decl":{"start":{"line":20,"column":7},"end":{"line":20,"column":13}},"loc":{"start":{"line":20,"column":22},"end":{"line":20,"column":36}},"line":20},"3":{"name":"(anonymous_3)","decl":{"start":{"line":21,"column":7},"end":{"line":21,"column":14}},"loc":{"start":{"line":21,"column":31},"end":{"line":24,"column":7}},"line":21},"4":{"name":"(anonymous_4)","decl":{"start":{"line":25,"column":7},"end":{"line":25,"column":21}},"loc":{"start":{"line":25,"column":21},"end":{"line":25,"column":38}},"line":25},"5":{"name":"(anonymous_5)","decl":{"start":{"line":27,"column":4},"end":{"line":27,"column":17}},"loc":{"start":{"line":27,"column":17},"end":{"line":27,"column":null}},"line":27}},"branchMap":{"0":{"loc":{"start":{"line":22,"column":8},"end":{"line":22,"column":null}},"type":"if","locations":[{"start":{"line":22,"column":8},"end":{"line":22,"column":null}},{"start":{},"end":{}}],"line":22},"1":{"loc":{"start":{"line":22,"column":12},"end":{"line":22,"column":63}},"type":"binary-expr","locations":[{"start":{"line":22,"column":12},"end":{"line":22,"column":36}},{"start":{"line":22,"column":36},"end":{"line":22,"column":63}}],"line":22},"2":{"loc":{"start":{"line":23,"column":17},"end":{"line":23,"column":76}},"type":"cond-expr","locations":[{"start":{"line":23,"column":40},"end":{"line":23,"column":54}},{"start":{"line":23,"column":54},"end":{"line":23,"column":76}}],"line":23}},"s":{"0":5,"1":5,"2":5,"3":5,"4":3,"5":3,"6":1,"7":1,"8":0,"9":1,"10":2,"11":3,"12":3,"13":5},"f":{"0":5,"1":3,"2":1,"3":1,"4":2,"5":3},"b":{"0":[0,1],"1":[1,1],"2":[1,0]},"meta":{"lastBranch":3,"lastFunction":6,"lastStatement":14,"seen":{"f:11:16:11:43":0,"s:12:16:12:Infinity":0,"s:13:18:13:Infinity":1,"s:14:16:14:Infinity":2,"s:16:2:28:Infinity":3,"f:16:2:16:18":1,"s:17:23:17:Infinity":4,"s:19:4:25:Infinity":5,"f:20:7:20:13":2,"s:20:22:20:36":6,"f:21:7:21:14":3,"b:22:8:22:Infinity:undefined:undefined:undefined:undefined":0,"s:22:8:22:Infinity":7,"b:22:12:22:36:22:36:22:63":1,"s:22:63:22:Infinity":8,"s:23:8:23:Infinity":9,"b:23:40:23:54:23:54:23:76":2,"f:25:7:25:21":4,"s:25:21:25:38":10,"s:27:4:27:Infinity":11,"f:27:4:27:17":5,"s:27:17:27:Infinity":12,"s:30:2:30:Infinity":13}}}
,"/Users/ramkeidar/Desktop/NBA_app/frontend/src/hooks/useTeamProfiles.ts": {"path":"/Users/ramkeidar/Desktop/NBA_app/frontend/src/hooks/useTeamProfiles.ts","statementMap":{"0":{"start":{"line":13,"column":15},"end":{"line":13,"column":null}},"1":{"start":{"line":14,"column":15},"end":{"line":14,"column":null}},"2":{"start":{"line":15,"column":18},"end":{"line":15,"column":null}},"3":{"start":{"line":16,"column":16},"end":{"line":16,"column":null}},"4":{"start":{"line":18,"column":2},"end":{"line":39,"column":null}},"5":{"start":{"line":19,"column":4},"end":{"line":19,"column":null}},"6":{"start":{"line":19,"column":28},"end":{"line":19,"column":null}},"7":{"start":{"line":21,"column":23},"end":{"line":21,"column":null}},"8":{"start":{"line":23,"column":4},"end":{"line":36,"column":null}},"9":{"start":{"line":28,"column":8},"end":{"line":28,"column":null}},"10":{"start":{"line":29,"column":8},"end":{"line":29,"column":null}},"11":{"start":{"line":30,"column":8},"end":{"line":30,"column":null}},"12":{"start":{"line":33,"column":8},"end":{"line":33,"column":null}},"13":{"start":{"line":33,"column":63},"end":{"line":33,"column":null}},"14":{"start":{"line":34,"column":8},"end":{"line":34,"column":null}},"15":{"start":{"line":35,"column":8},"end":{"line":35,"column":null}},"16":{"start":{"line":38,"column":4},"end":{"line":38,"column":null}},"17":{"start":{"line":38,"column":17},"end":{"line":38,"column":null}},"18":{"start":{"line":41,"column":2},"end":{"line":41,"column":null}}},"fnMap":{"0":{"name":"useTeamProfiles","decl":{"start":{"line":12,"column":16},"end":{"line":12,"column":32}},"loc":{"start":{"line":12,"column":101},"end":{"line":42,"column":null}},"line":12},"1":{"name":"(anonymous_1)","decl":{"start":{"line":18,"column":2},"end":{"line":18,"column":18}},"loc":{"start":{"line":18,"column":18},"end":{"line":39,"column":5}},"line":18},"2":{"name":"(anonymous_2)","decl":{"start":{"line":27,"column":7},"end":{"line":27,"column":13}},"loc":{"start":{"line":27,"column":44},"end":{"line":31,"column":7}},"line":27},"3":{"name":"(anonymous_3)","decl":{"start":{"line":32,"column":7},"end":{"line":32,"column":14}},"loc":{"start":{"line":32,"column":31},"end":{"line":36,"column":7}},"line":32},"4":{"name":"(anonymous_4)","decl":{"start":{"line":38,"column":4},"end":{"line":38,"column":17}},"loc":{"start":{"line":38,"column":17},"end":{"line":38,"column":null}},"line":38}},"branchMap":{"0":{"loc":{"start":{"line":19,"column":4},"end":{"line":19,"column":null}},"type":"if","locations":[{"start":{"line":19,"column":4},"end":{"line":19,"column":null}},{"start":{},"end":{}}],"line":19},"1":{"loc":{"start":{"line":19,"column":8},"end":{"line":19,"column":28}},"type":"binary-expr","locations":[{"start":{"line":19,"column":8},"end":{"line":19,"column":19}},{"start":{"line":19,"column":19},"end":{"line":19,"column":28}}],"line":19},"2":{"loc":{"start":{"line":33,"column":8},"end":{"line":33,"column":null}},"type":"if","locations":[{"start":{"line":33,"column":8},"end":{"line":33,"column":null}},{"start":{},"end":{}}],"line":33},"3":{"loc":{"start":{"line":33,"column":12},"end":{"line":33,"column":63}},"type":"binary-expr","locations":[{"start":{"line":33,"column":12},"end":{"line":33,"column":36}},{"start":{"line":33,"column":36},"end":{"line":33,"column":63}}],"line":33},"4":{"loc":{"start":{"line":34,"column":17},"end":{"line":34,"column":84}},"type":"cond-expr","locations":[{"start":{"line":34,"column":40},"end":{"line":34,"column":54}},{"start":{"line":34,"column":54},"end":{"line":34,"column":84}}],"line":34}},"s":{"0":0,"1":0,"2":0,"3":0,"4":0,"5":0,"6":0,"7":0,"8":0,"9":0,"10":0,"11":0,"12":0,"13":0,"14":0,"15":0,"16":0,"17":0,"18":0},"f":{"0":0,"1":0,"2":0,"3":0,"4":0},"b":{"0":[0,0],"1":[0,0],"2":[0,0],"3":[0,0],"4":[0,0]},"meta":{"lastBranch":5,"lastFunction":5,"lastStatement":19,"seen":{"f:12:16:12:32":0,"s:13:15:13:Infinity":0,"s:14:15:14:Infinity":1,"s:15:18:15:Infinity":2,"s:16:16:16:Infinity":3,"s:18:2:39:Infinity":4,"f:18:2:18:18":1,"b:19:4:19:Infinity:undefined:undefined:undefined:undefined":0,"s:19:4:19:Infinity":5,"b:19:8:19:19:19:19:19:28":1,"s:19:28:19:Infinity":6,"s:21:23:21:Infinity":7,"s:23:4:36:Infinity":8,"f:27:7:27:13":2,"s:28:8:28:Infinity":9,"s:29:8:29:Infinity":10,"s:30:8:30:Infinity":11,"f:32:7:32:14":3,"b:33:8:33:Infinity:undefined:undefined:undefined:undefined":2,"s:33:8:33:Infinity":12,"b:33:12:33:36:33:36:33:63":3,"s:33:63:33:Infinity":13,"s:34:8:34:Infinity":14,"b:34:40:34:54:34:54:34:84":4,"s:35:8:35:Infinity":15,"s:38:4:38:Infinity":16,"f:38:4:38:17":4,"s:38:17:38:Infinity":17,"s:41:2:41:Infinity":18}}}
,"/Users/ramkeidar/Desktop/NBA_app/frontend/src/services/api.ts": {"path":"/Users/ramkeidar/Desktop/NBA_app/frontend/src/services/api.ts","statementMap":{"0":{"start":{"line":8,"column":21},"end":{"line":8,"column":null}},"1":{"start":{"line":13,"column":16},"end":{"line":13,"column":null}},"2":{"start":{"line":14,"column":2},"end":{"line":14,"column":null}},"3":{"start":{"line":18,"column":14},"end":{"line":18,"column":null}},"4":{"start":{"line":20,"column":2},"end":{"line":35,"column":null}},"5":{"start":{"line":22,"column":4},"end":{"line":34,"column":null}},"6":{"start":{"line":23,"column":31},"end":{"line":23,"column":null}},"7":{"start":{"line":24,"column":6},"end":{"line":24,"column":null}},"8":{"start":{"line":25,"column":22},"end":{"line":28,"column":null}},"9":{"start":{"line":29,"column":6},"end":{"line":29,"column":null}},"10":{"start":{"line":29,"column":23},"end":{"line":29,"column":null}},"11":{"start":{"line":30,"column":6},"end":{"line":30,"column":null}},"12":{"start":{"line":32,"column":6},"end":{"line":32,"column":null}},"13":{"start":{"line":33,"column":6},"end":{"line":33,"column":null}},"14":{"start":{"line":37,"column":2},"end":{"line":37,"column":null}},"15":{"start":{"line":37,"column":15},"end":{"line":37,"column":null}},"16":{"start":{"line":38,"column":13},"end":{"line":38,"column":null}},"17":{"start":{"line":39,"column":2},"end":{"line":41,"column":null}},"18":{"start":{"line":40,"column":4},"end":{"line":40,"column":null}},"19":{"start":{"line":42,"column":2},"end":{"line":42,"column":null}},"20":{"start":{"line":48,"column":2},"end":{"line":48,"column":null}},"21":{"start":{"line":52,"column":2},"end":{"line":52,"column":null}},"22":{"start":{"line":56,"column":2},"end":{"line":56,"column":null}},"23":{"start":{"line":60,"column":2},"end":{"line":60,"column":null}},"24":{"start":{"line":66,"column":16},"end":{"line":66,"column":null}},"25":{"start":{"line":67,"column":17},"end":{"line":67,"column":null}},"26":{"start":{"line":68,"column":2},"end":{"line":68,"column":null}},"27":{"start":{"line":68,"column":13},"end":{"line":68,"column":null}},"28":{"start":{"line":69,"column":2},"end":{"line":69,"column":null}},"29":{"start":{"line":89,"column":31},"end":{"line":89,"column":null}},"30":{"start":{"line":90,"column":14},"end":{"line":94,"column":null}},"31":{"start":{"line":95,"column":2},"end":{"line":95,"column":null}},"32":{"start":{"line":95,"column":15},"end":{"line":95,"column":null}},"33":{"start":{"line":96,"column":2},"end":{"line":96,"column":null}}},"fnMap":{"0":{"name":"authHeaders","decl":{"start":{"line":12,"column":9},"end":{"line":12,"column":36}},"loc":{"start":{"line":12,"column":36},"end":{"line":15,"column":null}},"line":12},"1":{"name":"fetchJson","decl":{"start":{"line":17,"column":15},"end":{"line":17,"column":28}},"loc":{"start":{"line":17,"column":75},"end":{"line":43,"column":null}},"line":17},"2":{"name":"fetchMatches","decl":{"start":{"line":47,"column":16},"end":{"line":47,"column":29}},"loc":{"start":{"line":47,"column":72},"end":{"line":49,"column":null}},"line":47},"3":{"name":"fetchTeam","decl":{"start":{"line":51,"column":16},"end":{"line":51,"column":26}},"loc":{"start":{"line":51,"column":86},"end":{"line":53,"column":null}},"line":51},"4":{"name":"fetchCachedPrediction","decl":{"start":{"line":55,"column":16},"end":{"line":55,"column":38}},"loc":{"start":{"line":55,"column":107},"end":{"line":57,"column":null}},"line":55},"5":{"name":"fetchCachedMatchup","decl":{"start":{"line":59,"column":16},"end":{"line":59,"column":35}},"loc":{"start":{"line":59,"column":100},"end":{"line":61,"column":null}},"line":59},"6":{"name":"openAnalysisStream","decl":{"start":{"line":65,"column":16},"end":{"line":65,"column":35}},"loc":{"start":{"line":65,"column":97},"end":{"line":70,"column":null}},"line":65},"7":{"name":"postUpdateCommand","decl":{"start":{"line":88,"column":22},"end":{"line":88,"column":40}},"loc":{"start":{"line":88,"column":123},"end":{"line":97,"column":null}},"line":88}},"branchMap":{"0":{"loc":{"start":{"line":14,"column":9},"end":{"line":14,"column":null}},"type":"cond-expr","locations":[{"start":{"line":14,"column":17},"end":{"line":14,"column":56}},{"start":{"line":14,"column":56},"end":{"line":14,"column":null}}],"line":14},"1":{"loc":{"start":{"line":20,"column":2},"end":{"line":35,"column":null}},"type":"if","locations":[{"start":{"line":20,"column":2},"end":{"line":35,"column":null}},{"start":{},"end":{}}],"line":20},"2":{"loc":{"start":{"line":29,"column":6},"end":{"line":29,"column":null}},"type":"if","locations":[{"start":{"line":29,"column":6},"end":{"line":29,"column":null}},{"start":{},"end":{}}],"line":29},"3":{"loc":{"start":{"line":37,"column":2},"end":{"line":37,"column":null}},"type":"if","locations":[{"start":{"line":37,"column":2},"end":{"line":37,"column":null}},{"start":{},"end":{}}],"line":37},"4":{"loc":{"start":{"line":38,"column":13},"end":{"line":38,"column":null}},"type":"binary-expr","locations":[{"start":{"line":38,"column":13},"end":{"line":38,"column":48}},{"start":{"line":38,"column":48},"end":{"line":38,"column":null}}],"line":38},"5":{"loc":{"start":{"line":39,"column":2},"end":{"line":41,"column":null}},"type":"if","locations":[{"start":{"line":39,"column":2},"end":{"line":41,"column":null}},{"start":{},"end":{}}],"line":39},"6":{"loc":{"start":{"line":40,"column":45},"end":{"line":40,"column":61}},"type":"binary-expr","locations":[{"start":{"line":40,"column":45},"end":{"line":40,"column":51}},{"start":{"line":40,"column":51},"end":{"line":40,"column":61}}],"line":40},"7":{"loc":{"start":{"line":65,"column":52},"end":{"line":65,"column":97}},"type":"default-arg","locations":[{"start":{"line":65,"column":76},"end":{"line":65,"column":97}}],"line":65},"8":{"loc":{"start":{"line":68,"column":2},"end":{"line":68,"column":null}},"type":"if","locations":[{"start":{"line":68,"column":2},"end":{"line":68,"column":null}},{"start":{},"end":{}}],"line":68},"9":{"loc":{"start":{"line":95,"column":2},"end":{"line":95,"column":null}},"type":"if","locations":[{"start":{"line":95,"column":2},"end":{"line":95,"column":null}},{"start":{},"end":{}}],"line":95}},"s":{"0":3,"1":0,"2":0,"3":0,"4":0,"5":0,"6":0,"7":0,"8":0,"9":0,"10":0,"11":0,"12":0,"13":0,"14":0,"15":0,"16":0,"17":0,"18":0,"19":0,"20":0,"21":0,"22":0,"23":0,"24":0,"25":0,"26":0,"27":0,"28":0,"29":0,"30":0,"31":0,"32":0,"33":0},"f":{"0":0,"1":0,"2":0,"3":0,"4":0,"5":0,"6":0,"7":0},"b":{"0":[0,0],"1":[0,0],"2":[0,0],"3":[0,0],"4":[0,0],"5":[0,0],"6":[0,0],"7":[0],"8":[0,0],"9":[0,0]},"meta":{"lastBranch":10,"lastFunction":8,"lastStatement":34,"seen":{"s:8:21:8:Infinity":0,"f:12:9:12:36":0,"s:13:16:13:Infinity":1,"s:14:2:14:Infinity":2,"b:14:17:14:56:14:56:14:Infinity":0,"f:17:15:17:28":1,"s:18:14:18:Infinity":3,"b:20:2:35:Infinity:undefined:undefined:undefined:undefined":1,"s:20:2:35:Infinity":4,"s:22:4:34:Infinity":5,"s:23:31:23:Infinity":6,"s:24:6:24:Infinity":7,"s:25:22:28:Infinity":8,"b:29:6:29:Infinity:undefined:undefined:undefined:undefined":2,"s:29:6:29:Infinity":9,"s:29:23:29:Infinity":10,"s:30:6:30:Infinity":11,"s:32:6:32:Infinity":12,"s:33:6:33:Infinity":13,"b:37:2:37:Infinity:undefined:undefined:undefined:undefined":3,"s:37:2:37:Infinity":14,"s:37:15:37:Infinity":15,"s:38:13:38:Infinity":16,"b:38:13:38:48:38:48:38:Infinity":4,"b:39:2:41:Infinity:undefined:undefined:undefined:undefined":5,"s:39:2:41:Infinity":17,"s:40:4:40:Infinity":18,"b:40:45:40:51:40:51:40:61":6,"s:42:2:42:Infinity":19,"f:47:16:47:29":2,"s:48:2:48:Infinity":20,"f:51:16:51:26":3,"s:52:2:52:Infinity":21,"f:55:16:55:38":4,"s:56:2:56:Infinity":22,"f:59:16:59:35":5,"s:60:2:60:Infinity":23,"f:65:16:65:35":6,"b:65:76:65:97":7,"s:66:16:66:Infinity":24,"s:67:17:67:Infinity":25,"b:68:2:68:Infinity:undefined:undefined:undefined:undefined":8,"s:68:2:68:Infinity":26,"s:68:13:68:Infinity":27,"s:69:2:69:Infinity":28,"f:88:22:88:40":7,"s:89:31:89:Infinity":29,"s:90:14:94:Infinity":30,"b:95:2:95:Infinity:undefined:undefined:undefined:undefined":9,"s:95:2:95:Infinity":31,"s:95:15:95:Infinity":32,"s:96:2:96:Infinity":33}}}
,"/Users/ramkeidar/Desktop/NBA_app/frontend/src/services/authService.ts": {"path":"/Users/ramkeidar/Desktop/NBA_app/frontend/src/services/authService.ts","statementMap":{"0":{"start":{"line":4,"column":14},"end":{"line":9,"column":null}},"1":{"start":{"line":10,"column":2},"end":{"line":13,"column":null}},"2":{"start":{"line":11,"column":19},"end":{"line":11,"column":null}},"3":{"start":{"line":11,"column":49},"end":{"line":11,"column":76}},"4":{"start":{"line":12,"column":4},"end":{"line":12,"column":null}},"5":{"start":{"line":14,"column":2},"end":{"line":14,"column":null}},"6":{"start":{"line":14,"column":26},"end":{"line":14,"column":null}},"7":{"start":{"line":15,"column":2},"end":{"line":15,"column":null}},"8":{"start":{"line":19,"column":2},"end":{"line":19,"column":null}},"9":{"start":{"line":23,"column":2},"end":{"line":23,"column":null}},"10":{"start":{"line":27,"column":2},"end":{"line":27,"column":null}},"11":{"start":{"line":31,"column":2},"end":{"line":31,"column":null}}},"fnMap":{"0":{"name":"post","decl":{"start":{"line":3,"column":15},"end":{"line":3,"column":23}},"loc":{"start":{"line":3,"column":107},"end":{"line":16,"column":null}},"line":3},"1":{"name":"(anonymous_1)","decl":{"start":{"line":11,"column":36},"end":{"line":11,"column":49}},"loc":{"start":{"line":11,"column":49},"end":{"line":11,"column":76}},"line":11},"2":{"name":"login","decl":{"start":{"line":18,"column":22},"end":{"line":18,"column":28}},"loc":{"start":{"line":18,"column":75},"end":{"line":20,"column":null}},"line":18},"3":{"name":"register","decl":{"start":{"line":22,"column":22},"end":{"line":22,"column":31}},"loc":{"start":{"line":22,"column":81},"end":{"line":24,"column":null}},"line":22},"4":{"name":"refresh","decl":{"start":{"line":26,"column":22},"end":{"line":26,"column":56}},"loc":{"start":{"line":26,"column":56},"end":{"line":28,"column":null}},"line":26},"5":{"name":"logout","decl":{"start":{"line":30,"column":22},"end":{"line":30,"column":46}},"loc":{"start":{"line":30,"column":46},"end":{"line":32,"column":null}},"line":30}},"branchMap":{"0":{"loc":{"start":{"line":3,"column":53},"end":{"line":3,"column":107}},"type":"default-arg","locations":[{"start":{"line":3,"column":87},"end":{"line":3,"column":107}}],"line":3},"1":{"loc":{"start":{"line":7,"column":13},"end":{"line":7,"column":null}},"type":"cond-expr","locations":[{"start":{"line":7,"column":20},"end":{"line":7,"column":61}},{"start":{"line":7,"column":61},"end":{"line":7,"column":null}}],"line":7},"2":{"loc":{"start":{"line":8,"column":10},"end":{"line":8,"column":null}},"type":"cond-expr","locations":[{"start":{"line":8,"column":17},"end":{"line":8,"column":40}},{"start":{"line":8,"column":40},"end":{"line":8,"column":null}}],"line":8},"3":{"loc":{"start":{"line":10,"column":2},"end":{"line":13,"column":null}},"type":"if","locations":[{"start":{"line":10,"column":2},"end":{"line":13,"column":null}},{"start":{},"end":{}}],"line":10},"4":{"loc":{"start":{"line":12,"column":21},"end":{"line":12,"column":76}},"type":"binary-expr","locations":[{"start":{"line":12,"column":21},"end":{"line":12,"column":62}},{"start":{"line":12,"column":62},"end":{"line":12,"column":76}}],"line":12},"5":{"loc":{"start":{"line":14,"column":2},"end":{"line":14,"column":null}},"type":"if","locations":[{"start":{"line":14,"column":2},"end":{"line":14,"column":null}},{"start":{},"end":{}}],"line":14}},"s":{"0":0,"1":0,"2":0,"3":0,"4":0,"5":0,"6":0,"7":0,"8":0,"9":0,"10":0,"11":0},"f":{"0":0,"1":0,"2":0,"3":0,"4":0,"5":0},"b":{"0":[0],"1":[0,0],"2":[0,0],"3":[0,0],"4":[0,0],"5":[0,0]},"meta":{"lastBranch":6,"lastFunction":6,"lastStatement":12,"seen":{"f:3:15:3:23":0,"b:3:87:3:107":0,"s:4:14:9:Infinity":0,"b:7:20:7:61:7:61:7:Infinity":1,"b:8:17:8:40:8:40:8:Infinity":2,"b:10:2:13:Infinity:undefined:undefined:undefined:undefined":3,"s:10:2:13:Infinity":1,"s:11:19:11:Infinity":2,"f:11:36:11:49":1,"s:11:49:11:76":3,"s:12:4:12:Infinity":4,"b:12:21:12:62:12:62:12:76":4,"b:14:2:14:Infinity:undefined:undefined:undefined:undefined":5,"s:14:2:14:Infinity":5,"s:14:26:14:Infinity":6,"s:15:2:15:Infinity":7,"f:18:22:18:28":2,"s:19:2:19:Infinity":8,"f:22:22:22:31":3,"s:23:2:23:Infinity":9,"f:26:22:26:56":4,"s:27:2:27:Infinity":10,"f:30:22:30:46":5,"s:31:2:31:Infinity":11}}}
,"/Users/ramkeidar/Desktop/NBA_app/frontend/src/store/authStore.ts": {"path":"/Users/ramkeidar/Desktop/NBA_app/frontend/src/store/authStore.ts","statementMap":{"0":{"start":{"line":17,"column":13},"end":{"line":42,"column":null}},"1":{"start":{"line":17,"column":56},"end":{"line":42,"column":2}},"2":{"start":{"line":23,"column":29},"end":{"line":23,"column":null}},"3":{"start":{"line":24,"column":4},"end":{"line":24,"column":null}},"4":{"start":{"line":28,"column":4},"end":{"line":28,"column":null}},"5":{"start":{"line":28,"column":43},"end":{"line":28,"column":52}},"6":{"start":{"line":29,"column":4},"end":{"line":29,"column":null}},"7":{"start":{"line":33,"column":4},"end":{"line":38,"column":null}},"8":{"start":{"line":34,"column":31},"end":{"line":34,"column":null}},"9":{"start":{"line":35,"column":6},"end":{"line":35,"column":null}},"10":{"start":{"line":37,"column":6},"end":{"line":37,"column":null}},"11":{"start":{"line":41,"column":29},"end":{"line":41,"column":null}}},"fnMap":{"0":{"name":"(anonymous_0)","decl":{"start":{"line":17,"column":28},"end":{"line":17,"column":47}},"loc":{"start":{"line":17,"column":56},"end":{"line":42,"column":2}},"line":17},"1":{"name":"(anonymous_1)","decl":{"start":{"line":22,"column":9},"end":{"line":22,"column":16}},"loc":{"start":{"line":22,"column":36},"end":{"line":25,"column":null}},"line":22},"2":{"name":"(anonymous_2)","decl":{"start":{"line":27,"column":10},"end":{"line":27,"column":22}},"loc":{"start":{"line":27,"column":22},"end":{"line":30,"column":null}},"line":27},"3":{"name":"(anonymous_3)","decl":{"start":{"line":28,"column":31},"end":{"line":28,"column":43}},"loc":{"start":{"line":28,"column":43},"end":{"line":28,"column":52}},"line":28},"4":{"name":"(anonymous_4)","decl":{"start":{"line":32,"column":13},"end":{"line":32,"column":25}},"loc":{"start":{"line":32,"column":25},"end":{"line":39,"column":null}},"line":32},"5":{"name":"(anonymous_5)","decl":{"start":{"line":41,"column":2},"end":{"line":41,"column":19}},"loc":{"start":{"line":41,"column":29},"end":{"line":41,"column":null}},"line":41}},"branchMap":{},"s":{"0":3,"1":3,"2":0,"3":0,"4":0,"5":0,"6":0,"7":0,"8":0,"9":0,"10":0,"11":0},"f":{"0":3,"1":0,"2":0,"3":0,"4":0,"5":0},"b":{},"meta":{"lastBranch":0,"lastFunction":6,"lastStatement":12,"seen":{"s:17:13:42:Infinity":0,"f:17:28:17:47":0,"s:17:56:42:2":1,"f:22:9:22:16":1,"s:23:29:23:Infinity":2,"s:24:4:24:Infinity":3,"f:27:10:27:22":2,"s:28:4:28:Infinity":4,"f:28:31:28:43":3,"s:28:43:28:52":5,"s:29:4:29:Infinity":6,"f:32:13:32:25":4,"s:33:4:38:Infinity":7,"s:34:31:34:Infinity":8,"s:35:6:35:Infinity":9,"s:37:6:37:Infinity":10,"f:41:2:41:19":5,"s:41:29:41:Infinity":11}}}
}
